#! /c/Source/iverilog-install/bin/vvp
:ivl_version "12.0 (devel)" "(s20150603-1539-g2693dd32b)";
:ivl_delay_selection "TYPICAL";
:vpi_time_precision + 0;
:vpi_module "C:\iverilog\lib\ivl\system.vpi";
:vpi_module "C:\iverilog\lib\ivl\vhdl_sys.vpi";
:vpi_module "C:\iverilog\lib\ivl\vhdl_textio.vpi";
:vpi_module "C:\iverilog\lib\ivl\v2005_math.vpi";
:vpi_module "C:\iverilog\lib\ivl\va_math.vpi";
S_00000120102a50f0 .scope module, "Single_Cycle_Top" "Single_Cycle_Top" 2 11;
 .timescale 0 0;
    .port_info 0 /INPUT 1 "clk";
    .port_info 1 /INPUT 1 "rst";
v0000012010346500_0 .net "ALUControl_Top", 2 0, L_00000120103a2480;  1 drivers
v00000120103468c0_0 .net "ALUResult", 31 0, L_00000120103a0040;  1 drivers
v00000120103465a0_0 .net "ALUSrc", 0 0, L_00000120103a0900;  1 drivers
v0000012010346a00_0 .net "ImmSrc", 1 0, L_00000120103a0680;  1 drivers
v0000012010345100_0 .net "Imm_Ext_Top", 31 0, L_00000120103a1080;  1 drivers
v0000012010346280_0 .net "MemWrite", 0 0, L_00000120103a2ac0;  1 drivers
v0000012010346d20_0 .net "PCPlus4", 31 0, L_0000012010346320;  1 drivers
v0000012010345c40_0 .net "PC_Top", 31 0, v0000012010341a70_0;  1 drivers
v0000012010346aa0_0 .net "RD1_Top", 31 0, L_00000120103a07c0;  1 drivers
v0000012010345420_0 .net "RD2_Top", 31 0, L_00000120103a0f40;  1 drivers
v0000012010345ce0_0 .net "RD_Instr", 31 0, L_0000012010346fa0;  1 drivers
v0000012010346b40_0 .net "ReadData", 31 0, L_00000120103a6cb0;  1 drivers
v0000012010345920_0 .net "RegWrite", 0 0, L_00000120103a0860;  1 drivers
v0000012010346f00_0 .net "Result", 31 0, L_00000120103a6670;  1 drivers
v0000012010345e20_0 .net "ResultSrc", 0 0, L_00000120103a2700;  1 drivers
v0000012010345ec0_0 .net "SrcB", 31 0, L_000001201039f3c0;  1 drivers
o00000120102e3f48 .functor BUFZ 1, C4<z>; HiZ drive
v00000120103461e0_0 .net "clk", 0 0, o00000120102e3f48;  0 drivers
o00000120102e3f78 .functor BUFZ 1, C4<z>; HiZ drive
v0000012010346be0_0 .net "rst", 0 0, o00000120102e3f78;  0 drivers
L_000001201039f1e0 .part L_0000012010346fa0, 15, 5;
L_00000120103a1620 .part L_0000012010346fa0, 20, 5;
L_000001201039f6e0 .part L_0000012010346fa0, 7, 5;
L_00000120103a0fe0 .part L_00000120103a0680, 0, 1;
L_00000120103a2520 .part L_0000012010346fa0, 0, 7;
L_00000120103a71b0 .part L_0000012010346fa0, 12, 3;
L_00000120103a7e30 .part L_0000012010346fa0, 0, 7;
S_00000120102a5280 .scope module, "ALU" "ALU" 2 64, 3 1 0, S_00000120102a50f0;
 .timescale 0 0;
    .port_info 0 /INPUT 32 "A";
    .port_info 1 /INPUT 32 "B";
    .port_info 2 /OUTPUT 32 "Result";
    .port_info 3 /INPUT 3 "ALUControl";
    .port_info 4 /OUTPUT 1 "OverFlow";
    .port_info 5 /OUTPUT 1 "Carry";
    .port_info 6 /OUTPUT 1 "Zero";
    .port_info 7 /OUTPUT 1 "Negative";
L_00000120103472c0 .functor BUFT 1, C4<0>, C4<0>, C4<0>, C4<0>;
L_0000012010292940 .functor XNOR 1, L_000001201039fbe0, L_00000120103472c0, C4<0>, C4<0>;
L_00000120103a3bc0 .functor NOT 33, L_00000120103a11c0, C4<000000000000000000000000000000000>, C4<000000000000000000000000000000000>, C4<000000000000000000000000000000000>;
L_00000120103a3c30 .functor AND 32, L_00000120103a07c0, L_000001201039f3c0, C4<11111111111111111111111111111111>, C4<11111111111111111111111111111111>;
L_00000120103a3530 .functor OR 32, L_00000120103a07c0, L_000001201039f3c0, C4<00000000000000000000000000000000>, C4<00000000000000000000000000000000>;
L_00000120103a3ca0 .functor XOR 1, L_00000120103a1440, L_00000120103a0400, C4<0>, C4<0>;
L_00000120103a3d10 .functor XOR 1, L_00000120103a04a0, L_000001201039f140, C4<0>, C4<0>;
L_00000120103a33e0 .functor XOR 1, L_00000120103a3d10, L_000001201039f640, C4<0>, C4<0>;
L_00000120103a3ed0 .functor NOT 1, L_00000120103a33e0, C4<0>, C4<0>, C4<0>;
L_00000120103a3fb0 .functor AND 1, L_00000120103a3ca0, L_00000120103a3ed0, C4<1>, C4<1>;
L_00000120103a3a70 .functor NOT 1, L_00000120103a0180, C4<0>, C4<0>, C4<0>;
L_00000120103a4020 .functor AND 1, L_00000120103a3fb0, L_00000120103a3a70, C4<1>, C4<1>;
L_00000120103a3920 .functor NOT 1, L_00000120103a00e0, C4<0>, C4<0>, C4<0>;
L_00000120103a3ae0 .functor AND 1, L_00000120103a3920, L_000001201039ff00, C4<1>, C4<1>;
L_00000120103a3450 .functor NOT 32, L_00000120103a0040, C4<00000000000000000000000000000000>, C4<00000000000000000000000000000000>, C4<00000000000000000000000000000000>;
v00000120102de470_0 .net "A", 31 0, L_00000120103a07c0;  alias, 1 drivers
v00000120102ddcf0_0 .net "ALUControl", 2 0, L_00000120103a2480;  alias, 1 drivers
v00000120102ddbb0_0 .net "B", 31 0, L_000001201039f3c0;  alias, 1 drivers
v00000120102dd930_0 .net "Carry", 0 0, L_00000120103a3ae0;  1 drivers
v00000120102dde30_0 .net "Cout", 0 0, L_000001201039ff00;  1 drivers
v00000120102de0b0_0 .net "Negative", 0 0, L_00000120103a18a0;  1 drivers
v00000120102dccb0_0 .net "OverFlow", 0 0, L_00000120103a4020;  1 drivers
v00000120102dce90_0 .net "Result", 31 0, L_00000120103a0040;  alias, 1 drivers
v00000120102dd250_0 .net "Sum", 31 0, L_000001201039fb40;  1 drivers
v00000120102de150_0 .net "Zero", 0 0, L_000001201039faa0;  1 drivers
v00000120102de330_0 .net *"_ivl_100", 0 0, L_00000120103a0180;  1 drivers
v00000120102dd390_0 .net *"_ivl_101", 0 0, L_00000120103a3a70;  1 drivers
v00000120102dd430_0 .net *"_ivl_106", 0 0, L_00000120103a00e0;  1 drivers
v00000120102de3d0_0 .net *"_ivl_107", 0 0, L_00000120103a3920;  1 drivers
v00000120102dd2f0_0 .net *"_ivl_111", 31 0, L_00000120103a3450;  1 drivers
L_0000012010347308 .functor BUFT 1, C4<0>, C4<0>, C4<0>, C4<0>;
v00000120102de510_0 .net *"_ivl_12", 0 0, L_0000012010347308;  1 drivers
v00000120102de5b0_0 .net *"_ivl_13", 32 0, L_00000120103a09a0;  1 drivers
L_0000012010347350 .functor BUFT 1, C4<0>, C4<0>, C4<0>, C4<0>;
v00000120102dd4d0_0 .net *"_ivl_16", 0 0, L_0000012010347350;  1 drivers
v00000120102de650_0 .net *"_ivl_17", 32 0, L_00000120103a0220;  1 drivers
v00000120102de790_0 .net *"_ivl_19", 32 0, L_000001201039fdc0;  1 drivers
L_0000012010347398 .functor BUFT 1, C4<0>, C4<0>, C4<0>, C4<0>;
v00000120102dd570_0 .net *"_ivl_22", 0 0, L_0000012010347398;  1 drivers
v00000120102dd610_0 .net *"_ivl_23", 32 0, L_00000120103a11c0;  1 drivers
L_00000120103473e0 .functor BUFT 1, C4<0>, C4<0>, C4<0>, C4<0>;
v00000120102dd6b0_0 .net *"_ivl_26", 0 0, L_00000120103473e0;  1 drivers
v00000120102dd750_0 .net *"_ivl_27", 32 0, L_00000120103a3bc0;  1 drivers
L_0000012010347428 .functor BUFT 1, C4<000000000000000000000000000000001>, C4<0>, C4<0>, C4<0>;
v0000012010282c80_0 .net/2u *"_ivl_29", 32 0, L_0000012010347428;  1 drivers
v0000012010337e30_0 .net *"_ivl_31", 32 0, L_00000120103a0d60;  1 drivers
v0000012010337570_0 .net *"_ivl_33", 32 0, L_00000120103a1300;  1 drivers
v0000012010338dd0_0 .net *"_ivl_35", 32 0, L_000001201039fe60;  1 drivers
L_0000012010347470 .functor BUFT 1, C4<000>, C4<0>, C4<0>, C4<0>;
v0000012010338010_0 .net/2u *"_ivl_37", 2 0, L_0000012010347470;  1 drivers
v0000012010338e70_0 .net *"_ivl_39", 0 0, L_00000120103a1120;  1 drivers
v00000120103380b0_0 .net *"_ivl_4", 0 0, L_000001201039fbe0;  1 drivers
L_00000120103474b8 .functor BUFT 1, C4<001>, C4<0>, C4<0>, C4<0>;
v0000012010337390_0 .net/2u *"_ivl_41", 2 0, L_00000120103474b8;  1 drivers
v0000012010337ed0_0 .net *"_ivl_43", 0 0, L_00000120103a0cc0;  1 drivers
L_0000012010347500 .functor BUFT 1, C4<010>, C4<0>, C4<0>, C4<0>;
v0000012010337d90_0 .net/2u *"_ivl_45", 2 0, L_0000012010347500;  1 drivers
v0000012010338bf0_0 .net *"_ivl_47", 0 0, L_00000120103a0ea0;  1 drivers
v0000012010338790_0 .net *"_ivl_49", 31 0, L_00000120103a3c30;  1 drivers
v00000120103374d0_0 .net/2u *"_ivl_5", 0 0, L_00000120103472c0;  1 drivers
L_0000012010347548 .functor BUFT 1, C4<011>, C4<0>, C4<0>, C4<0>;
v0000012010337110_0 .net/2u *"_ivl_51", 2 0, L_0000012010347548;  1 drivers
v0000012010337070_0 .net *"_ivl_53", 0 0, L_000001201039ffa0;  1 drivers
v0000012010338c90_0 .net *"_ivl_55", 31 0, L_00000120103a3530;  1 drivers
L_0000012010347590 .functor BUFT 1, C4<101>, C4<0>, C4<0>, C4<0>;
v0000012010337f70_0 .net/2u *"_ivl_57", 2 0, L_0000012010347590;  1 drivers
v0000012010337b10_0 .net *"_ivl_59", 0 0, L_00000120103a13a0;  1 drivers
L_00000120103475d8 .functor BUFT 1, C4<0000000000000000000000000000000>, C4<0>, C4<0>, C4<0>;
v00000120103385b0_0 .net/2u *"_ivl_61", 30 0, L_00000120103475d8;  1 drivers
v0000012010337bb0_0 .net *"_ivl_64", 0 0, L_000001201039f820;  1 drivers
v0000012010337c50_0 .net *"_ivl_65", 31 0, L_00000120103a1260;  1 drivers
L_0000012010347620 .functor BUFT 1, C4<00000000000000000000000000000000>, C4<0>, C4<0>, C4<0>;
v0000012010337750_0 .net/2u *"_ivl_67", 31 0, L_0000012010347620;  1 drivers
v0000012010338d30_0 .net *"_ivl_69", 31 0, L_000001201039f460;  1 drivers
v0000012010338150_0 .net *"_ivl_7", 0 0, L_0000012010292940;  1 drivers
v0000012010338830_0 .net *"_ivl_71", 31 0, L_000001201039f8c0;  1 drivers
v0000012010338650_0 .net *"_ivl_73", 31 0, L_00000120103a02c0;  1 drivers
v00000120103381f0_0 .net *"_ivl_75", 31 0, L_00000120103a0a40;  1 drivers
v0000012010338f10_0 .net *"_ivl_80", 0 0, L_00000120103a1440;  1 drivers
v0000012010338290_0 .net *"_ivl_82", 0 0, L_00000120103a0400;  1 drivers
v00000120103388d0_0 .net *"_ivl_83", 0 0, L_00000120103a3ca0;  1 drivers
v00000120103386f0_0 .net *"_ivl_86", 0 0, L_00000120103a04a0;  1 drivers
v0000012010337cf0_0 .net *"_ivl_88", 0 0, L_000001201039f140;  1 drivers
v0000012010337430_0 .net *"_ivl_89", 0 0, L_00000120103a3d10;  1 drivers
v00000120103383d0_0 .net *"_ivl_9", 32 0, L_000001201039fd20;  1 drivers
v00000120103371b0_0 .net *"_ivl_92", 0 0, L_000001201039f640;  1 drivers
v0000012010337890_0 .net *"_ivl_93", 0 0, L_00000120103a33e0;  1 drivers
v0000012010338970_0 .net *"_ivl_95", 0 0, L_00000120103a3ed0;  1 drivers
v0000012010338a10_0 .net *"_ivl_97", 0 0, L_00000120103a3fb0;  1 drivers
L_000001201039ff00 .part L_000001201039fe60, 32, 1;
L_000001201039fb40 .part L_000001201039fe60, 0, 32;
L_000001201039fbe0 .part L_00000120103a2480, 0, 1;
L_000001201039fd20 .concat [ 32 1 0 0], L_00000120103a07c0, L_0000012010347308;
L_00000120103a09a0 .concat [ 32 1 0 0], L_000001201039f3c0, L_0000012010347350;
L_00000120103a0220 .arith/sum 33, L_000001201039fd20, L_00000120103a09a0;
L_000001201039fdc0 .concat [ 32 1 0 0], L_00000120103a07c0, L_0000012010347398;
L_00000120103a11c0 .concat [ 32 1 0 0], L_000001201039f3c0, L_00000120103473e0;
L_00000120103a0d60 .arith/sum 33, L_00000120103a3bc0, L_0000012010347428;
L_00000120103a1300 .arith/sum 33, L_000001201039fdc0, L_00000120103a0d60;
L_000001201039fe60 .functor MUXZ 33, L_00000120103a1300, L_00000120103a0220, L_0000012010292940, C4<>;
L_00000120103a1120 .cmp/eq 3, L_00000120103a2480, L_0000012010347470;
L_00000120103a0cc0 .cmp/eq 3, L_00000120103a2480, L_00000120103474b8;
L_00000120103a0ea0 .cmp/eq 3, L_00000120103a2480, L_0000012010347500;
L_000001201039ffa0 .cmp/eq 3, L_00000120103a2480, L_0000012010347548;
L_00000120103a13a0 .cmp/eq 3, L_00000120103a2480, L_0000012010347590;
L_000001201039f820 .part L_000001201039fb40, 31, 1;
L_00000120103a1260 .concat [ 1 31 0 0], L_000001201039f820, L_00000120103475d8;
L_000001201039f460 .functor MUXZ 32, L_0000012010347620, L_00000120103a1260, L_00000120103a13a0, C4<>;
L_000001201039f8c0 .functor MUXZ 32, L_000001201039f460, L_00000120103a3530, L_000001201039ffa0, C4<>;
L_00000120103a02c0 .functor MUXZ 32, L_000001201039f8c0, L_00000120103a3c30, L_00000120103a0ea0, C4<>;
L_00000120103a0a40 .functor MUXZ 32, L_00000120103a02c0, L_000001201039fb40, L_00000120103a0cc0, C4<>;
L_00000120103a0040 .functor MUXZ 32, L_00000120103a0a40, L_000001201039fb40, L_00000120103a1120, C4<>;
L_00000120103a1440 .part L_000001201039fb40, 31, 1;
L_00000120103a0400 .part L_00000120103a07c0, 31, 1;
L_00000120103a04a0 .part L_00000120103a2480, 0, 1;
L_000001201039f140 .part L_000001201039f3c0, 31, 1;
L_000001201039f640 .part L_00000120103a07c0, 31, 1;
L_00000120103a0180 .part L_00000120103a2480, 1, 1;
L_00000120103a00e0 .part L_00000120103a2480, 1, 1;
L_000001201039faa0 .reduce/and L_00000120103a3450;
L_00000120103a18a0 .part L_00000120103a0040, 31, 1;
S_000001201028b510 .scope module, "Control_Unit_Top" "Control_Unit_Top" 2 75, 4 4 0, S_00000120102a50f0;
 .timescale 0 0;
    .port_info 0 /INPUT 7 "Op";
    .port_info 1 /OUTPUT 1 "RegWrite";
    .port_info 2 /OUTPUT 2 "ImmSrc";
    .port_info 3 /OUTPUT 1 "ALUSrc";
    .port_info 4 /OUTPUT 1 "MemWrite";
    .port_info 5 /OUTPUT 1 "ResultSrc";
    .port_info 6 /OUTPUT 1 "Branch";
    .port_info 7 /INPUT 3 "funct3";
    .port_info 8 /INPUT 7 "funct7";
    .port_info 9 /OUTPUT 3 "ALUControl";
v000001201033ce90_0 .net "ALUControl", 2 0, L_00000120103a2480;  alias, 1 drivers
v000001201033cf30_0 .net "ALUOp", 1 0, L_00000120103a19e0;  1 drivers
v000001201033b450_0 .net "ALUSrc", 0 0, L_00000120103a0900;  alias, 1 drivers
v00000120103405d0_0 .net "Branch", 0 0, L_00000120103a1c60;  1 drivers
v00000120103419d0_0 .net "ImmSrc", 1 0, L_00000120103a0680;  alias, 1 drivers
v0000012010341b10_0 .net "MemWrite", 0 0, L_00000120103a2ac0;  alias, 1 drivers
v0000012010340170_0 .net "Op", 6 0, L_00000120103a2520;  1 drivers
v00000120103417f0_0 .net "RegWrite", 0 0, L_00000120103a0860;  alias, 1 drivers
v0000012010340cb0_0 .net "ResultSrc", 0 0, L_00000120103a2700;  alias, 1 drivers
v0000012010340d50_0 .net "funct3", 2 0, L_00000120103a71b0;  1 drivers
v0000012010341610_0 .net "funct7", 6 0, L_00000120103a7e30;  1 drivers
S_000001201023dfd0 .scope module, "ALU_Decoder" "ALU_Decoder" 4 25, 5 1 0, S_000001201028b510;
 .timescale 0 0;
    .port_info 0 /INPUT 2 "ALUOp";
    .port_info 1 /INPUT 3 "funct3";
    .port_info 2 /INPUT 7 "funct7";
    .port_info 3 /INPUT 7 "op";
    .port_info 4 /OUTPUT 3 "ALUControl";
L_00000120103a3f40 .functor AND 1, L_00000120103a1da0, L_00000120103a25c0, C4<1>, C4<1>;
L_00000120103a3140 .functor AND 1, L_00000120103a3f40, L_00000120103a28e0, C4<1>, C4<1>;
L_00000120103a3990 .functor AND 1, L_00000120103a2b60, L_00000120103a2980, C4<1>, C4<1>;
L_00000120103a31b0 .functor AND 1, L_00000120103a3990, L_00000120103a2d40, C4<1>, C4<1>;
L_00000120103a3220 .functor AND 1, L_00000120103a1e40, L_00000120103a2de0, C4<1>, C4<1>;
L_00000120103a3290 .functor AND 1, L_00000120103a2f20, L_00000120103a2e80, C4<1>, C4<1>;
L_00000120103a3d80 .functor AND 1, L_00000120103a1f80, L_00000120103a2fc0, C4<1>, C4<1>;
v0000012010337610_0 .net "ALUControl", 2 0, L_00000120103a2480;  alias, 1 drivers
v0000012010338330_0 .net "ALUOp", 1 0, L_00000120103a19e0;  alias, 1 drivers
L_0000012010347e00 .functor BUFT 1, C4<00>, C4<0>, C4<0>, C4<0>;
v00000120103376b0_0 .net/2u *"_ivl_0", 1 0, L_0000012010347e00;  1 drivers
L_0000012010347ed8 .functor BUFT 1, C4<001>, C4<0>, C4<0>, C4<0>;
v0000012010338470_0 .net/2u *"_ivl_10", 2 0, L_0000012010347ed8;  1 drivers
v0000012010338510_0 .net *"_ivl_100", 2 0, L_00000120103a2020;  1 drivers
v0000012010338ab0_0 .net *"_ivl_102", 2 0, L_00000120103a20c0;  1 drivers
v0000012010338b50_0 .net *"_ivl_104", 2 0, L_00000120103a2200;  1 drivers
v0000012010337250_0 .net *"_ivl_106", 2 0, L_00000120103a2340;  1 drivers
v00000120103372f0_0 .net *"_ivl_108", 2 0, L_00000120103a23e0;  1 drivers
L_0000012010347f20 .functor BUFT 1, C4<10>, C4<0>, C4<0>, C4<0>;
v00000120103377f0_0 .net/2u *"_ivl_12", 1 0, L_0000012010347f20;  1 drivers
v0000012010337930_0 .net *"_ivl_14", 0 0, L_00000120103a1da0;  1 drivers
L_0000012010347f68 .functor BUFT 1, C4<000>, C4<0>, C4<0>, C4<0>;
v00000120103379d0_0 .net/2u *"_ivl_16", 2 0, L_0000012010347f68;  1 drivers
v0000012010337a70_0 .net *"_ivl_18", 0 0, L_00000120103a25c0;  1 drivers
v000001201033ac00_0 .net *"_ivl_2", 0 0, L_00000120103a2ca0;  1 drivers
v0000012010339f80_0 .net *"_ivl_20", 0 0, L_00000120103a3f40;  1 drivers
v000001201033ade0_0 .net *"_ivl_23", 0 0, L_00000120103a2c00;  1 drivers
v000001201033a480_0 .net *"_ivl_25", 0 0, L_00000120103a2a20;  1 drivers
v0000012010339440_0 .net *"_ivl_26", 1 0, L_00000120103a1b20;  1 drivers
L_0000012010347fb0 .functor BUFT 1, C4<11>, C4<0>, C4<0>, C4<0>;
v0000012010339120_0 .net/2u *"_ivl_28", 1 0, L_0000012010347fb0;  1 drivers
v000001201033aca0_0 .net *"_ivl_30", 0 0, L_00000120103a28e0;  1 drivers
v0000012010339ee0_0 .net *"_ivl_32", 0 0, L_00000120103a3140;  1 drivers
L_0000012010347ff8 .functor BUFT 1, C4<001>, C4<0>, C4<0>, C4<0>;
v000001201033a520_0 .net/2u *"_ivl_34", 2 0, L_0000012010347ff8;  1 drivers
L_0000012010348040 .functor BUFT 1, C4<10>, C4<0>, C4<0>, C4<0>;
v0000012010339760_0 .net/2u *"_ivl_36", 1 0, L_0000012010348040;  1 drivers
v0000012010339620_0 .net *"_ivl_38", 0 0, L_00000120103a2b60;  1 drivers
L_0000012010347e48 .functor BUFT 1, C4<000>, C4<0>, C4<0>, C4<0>;
v000001201033a020_0 .net/2u *"_ivl_4", 2 0, L_0000012010347e48;  1 drivers
L_0000012010348088 .functor BUFT 1, C4<000>, C4<0>, C4<0>, C4<0>;
v000001201033a0c0_0 .net/2u *"_ivl_40", 2 0, L_0000012010348088;  1 drivers
v000001201033a980_0 .net *"_ivl_42", 0 0, L_00000120103a2980;  1 drivers
v000001201033a5c0_0 .net *"_ivl_44", 0 0, L_00000120103a3990;  1 drivers
v000001201033aa20_0 .net *"_ivl_47", 0 0, L_00000120103a22a0;  1 drivers
v000001201033ae80_0 .net *"_ivl_49", 0 0, L_00000120103a1d00;  1 drivers
v0000012010339a80_0 .net *"_ivl_50", 1 0, L_00000120103a2160;  1 drivers
L_00000120103480d0 .functor BUFT 1, C4<11>, C4<0>, C4<0>, C4<0>;
v000001201033a3e0_0 .net/2u *"_ivl_52", 1 0, L_00000120103480d0;  1 drivers
v000001201033a340_0 .net *"_ivl_54", 0 0, L_00000120103a2d40;  1 drivers
v000001201033a660_0 .net *"_ivl_56", 0 0, L_00000120103a31b0;  1 drivers
L_0000012010348118 .functor BUFT 1, C4<000>, C4<0>, C4<0>, C4<0>;
v000001201033ad40_0 .net/2u *"_ivl_58", 2 0, L_0000012010348118;  1 drivers
L_0000012010347e90 .functor BUFT 1, C4<01>, C4<0>, C4<0>, C4<0>;
v0000012010339800_0 .net/2u *"_ivl_6", 1 0, L_0000012010347e90;  1 drivers
L_0000012010348160 .functor BUFT 1, C4<10>, C4<0>, C4<0>, C4<0>;
v000001201033a160_0 .net/2u *"_ivl_60", 1 0, L_0000012010348160;  1 drivers
v000001201033aac0_0 .net *"_ivl_62", 0 0, L_00000120103a1e40;  1 drivers
L_00000120103481a8 .functor BUFT 1, C4<010>, C4<0>, C4<0>, C4<0>;
v00000120103391c0_0 .net/2u *"_ivl_64", 2 0, L_00000120103481a8;  1 drivers
v0000012010339c60_0 .net *"_ivl_66", 0 0, L_00000120103a2de0;  1 drivers
v000001201033a200_0 .net *"_ivl_68", 0 0, L_00000120103a3220;  1 drivers
L_00000120103481f0 .functor BUFT 1, C4<101>, C4<0>, C4<0>, C4<0>;
v000001201033a700_0 .net/2u *"_ivl_70", 2 0, L_00000120103481f0;  1 drivers
L_0000012010348238 .functor BUFT 1, C4<10>, C4<0>, C4<0>, C4<0>;
v00000120103396c0_0 .net/2u *"_ivl_72", 1 0, L_0000012010348238;  1 drivers
v0000012010339260_0 .net *"_ivl_74", 0 0, L_00000120103a2f20;  1 drivers
L_0000012010348280 .functor BUFT 1, C4<110>, C4<0>, C4<0>, C4<0>;
v000001201033af20_0 .net/2u *"_ivl_76", 2 0, L_0000012010348280;  1 drivers
v0000012010339d00_0 .net *"_ivl_78", 0 0, L_00000120103a2e80;  1 drivers
v0000012010339da0_0 .net *"_ivl_8", 0 0, L_00000120103a2840;  1 drivers
v0000012010339300_0 .net *"_ivl_80", 0 0, L_00000120103a3290;  1 drivers
L_00000120103482c8 .functor BUFT 1, C4<011>, C4<0>, C4<0>, C4<0>;
v0000012010339940_0 .net/2u *"_ivl_82", 2 0, L_00000120103482c8;  1 drivers
L_0000012010348310 .functor BUFT 1, C4<10>, C4<0>, C4<0>, C4<0>;
v000001201033a7a0_0 .net/2u *"_ivl_84", 1 0, L_0000012010348310;  1 drivers
v00000120103398a0_0 .net *"_ivl_86", 0 0, L_00000120103a1f80;  1 drivers
L_0000012010348358 .functor BUFT 1, C4<111>, C4<0>, C4<0>, C4<0>;
v0000012010339e40_0 .net/2u *"_ivl_88", 2 0, L_0000012010348358;  1 drivers
v000001201033ab60_0 .net *"_ivl_90", 0 0, L_00000120103a2fc0;  1 drivers
v00000120103399e0_0 .net *"_ivl_92", 0 0, L_00000120103a3d80;  1 drivers
L_00000120103483a0 .functor BUFT 1, C4<010>, C4<0>, C4<0>, C4<0>;
v00000120103393a0_0 .net/2u *"_ivl_94", 2 0, L_00000120103483a0;  1 drivers
L_00000120103483e8 .functor BUFT 1, C4<000>, C4<0>, C4<0>, C4<0>;
v000001201033a2a0_0 .net/2u *"_ivl_96", 2 0, L_00000120103483e8;  1 drivers
v00000120103394e0_0 .net *"_ivl_98", 2 0, L_00000120103a1bc0;  1 drivers
v0000012010339580_0 .net "funct3", 2 0, L_00000120103a71b0;  alias, 1 drivers
v000001201033a840_0 .net "funct7", 6 0, L_00000120103a7e30;  alias, 1 drivers
v0000012010339b20_0 .net "op", 6 0, L_00000120103a2520;  alias, 1 drivers
L_00000120103a2ca0 .cmp/eq 2, L_00000120103a19e0, L_0000012010347e00;
L_00000120103a2840 .cmp/eq 2, L_00000120103a19e0, L_0000012010347e90;
L_00000120103a1da0 .cmp/eq 2, L_00000120103a19e0, L_0000012010347f20;
L_00000120103a25c0 .cmp/eq 3, L_00000120103a71b0, L_0000012010347f68;
L_00000120103a2c00 .part L_00000120103a2520, 5, 1;
L_00000120103a2a20 .part L_00000120103a7e30, 5, 1;
L_00000120103a1b20 .concat [ 1 1 0 0], L_00000120103a2a20, L_00000120103a2c00;
L_00000120103a28e0 .cmp/eq 2, L_00000120103a1b20, L_0000012010347fb0;
L_00000120103a2b60 .cmp/eq 2, L_00000120103a19e0, L_0000012010348040;
L_00000120103a2980 .cmp/eq 3, L_00000120103a71b0, L_0000012010348088;
L_00000120103a22a0 .part L_00000120103a2520, 5, 1;
L_00000120103a1d00 .part L_00000120103a7e30, 5, 1;
L_00000120103a2160 .concat [ 1 1 0 0], L_00000120103a1d00, L_00000120103a22a0;
L_00000120103a2d40 .cmp/ne 2, L_00000120103a2160, L_00000120103480d0;
L_00000120103a1e40 .cmp/eq 2, L_00000120103a19e0, L_0000012010348160;
L_00000120103a2de0 .cmp/eq 3, L_00000120103a71b0, L_00000120103481a8;
L_00000120103a2f20 .cmp/eq 2, L_00000120103a19e0, L_0000012010348238;
L_00000120103a2e80 .cmp/eq 3, L_00000120103a71b0, L_0000012010348280;
L_00000120103a1f80 .cmp/eq 2, L_00000120103a19e0, L_0000012010348310;
L_00000120103a2fc0 .cmp/eq 3, L_00000120103a71b0, L_0000012010348358;
L_00000120103a1bc0 .functor MUXZ 3, L_00000120103483e8, L_00000120103483a0, L_00000120103a3d80, C4<>;
L_00000120103a2020 .functor MUXZ 3, L_00000120103a1bc0, L_00000120103482c8, L_00000120103a3290, C4<>;
L_00000120103a20c0 .functor MUXZ 3, L_00000120103a2020, L_00000120103481f0, L_00000120103a3220, C4<>;
L_00000120103a2200 .functor MUXZ 3, L_00000120103a20c0, L_0000012010348118, L_00000120103a31b0, C4<>;
L_00000120103a2340 .functor MUXZ 3, L_00000120103a2200, L_0000012010347ff8, L_00000120103a3140, C4<>;
L_00000120103a23e0 .functor MUXZ 3, L_00000120103a2340, L_0000012010347ed8, L_00000120103a2840, C4<>;
L_00000120103a2480 .functor MUXZ 3, L_00000120103a23e0, L_0000012010347e48, L_00000120103a2ca0, C4<>;
S_00000120102a3c60 .scope module, "Main_Decoder" "Main_Decoder" 4 14, 6 1 0, S_000001201028b510;
 .timescale 0 0;
    .port_info 0 /INPUT 7 "Op";
    .port_info 1 /OUTPUT 1 "RegWrite";
    .port_info 2 /OUTPUT 2 "ImmSrc";
    .port_info 3 /OUTPUT 1 "ALUSrc";
    .port_info 4 /OUTPUT 1 "MemWrite";
    .port_info 5 /OUTPUT 1 "ResultSrc";
    .port_info 6 /OUTPUT 1 "Branch";
    .port_info 7 /OUTPUT 2 "ALUOp";
L_00000120103a3300 .functor OR 1, L_000001201039f960, L_000001201039fa00, C4<0>, C4<0>;
L_00000120103a35a0 .functor OR 1, L_00000120103a0b80, L_00000120103a0720, C4<0>, C4<0>;
v000001201033a8e0_0 .net "ALUOp", 1 0, L_00000120103a19e0;  alias, 1 drivers
v0000012010339080_0 .net "ALUSrc", 0 0, L_00000120103a0900;  alias, 1 drivers
v0000012010339bc0_0 .net "Branch", 0 0, L_00000120103a1c60;  alias, 1 drivers
v000001201033c850_0 .net "ImmSrc", 1 0, L_00000120103a0680;  alias, 1 drivers
v000001201033ca30_0 .net "MemWrite", 0 0, L_00000120103a2ac0;  alias, 1 drivers
v000001201033c170_0 .net "Op", 6 0, L_00000120103a2520;  alias, 1 drivers
v000001201033c670_0 .net "RegWrite", 0 0, L_00000120103a0860;  alias, 1 drivers
v000001201033c030_0 .net "ResultSrc", 0 0, L_00000120103a2700;  alias, 1 drivers
L_0000012010347668 .functor BUFT 1, C4<0000011>, C4<0>, C4<0>, C4<0>;
v000001201033c490_0 .net/2u *"_ivl_0", 6 0, L_0000012010347668;  1 drivers
L_00000120103476f8 .functor BUFT 1, C4<1>, C4<0>, C4<0>, C4<0>;
v000001201033cc10_0 .net/2u *"_ivl_10", 0 0, L_00000120103476f8;  1 drivers
L_0000012010347740 .functor BUFT 1, C4<0>, C4<0>, C4<0>, C4<0>;
v000001201033c710_0 .net/2u *"_ivl_12", 0 0, L_0000012010347740;  1 drivers
L_0000012010347788 .functor BUFT 1, C4<0100011>, C4<0>, C4<0>, C4<0>;
v000001201033c350_0 .net/2u *"_ivl_16", 6 0, L_0000012010347788;  1 drivers
v000001201033bdb0_0 .net *"_ivl_18", 0 0, L_00000120103a0540;  1 drivers
v000001201033b270_0 .net *"_ivl_2", 0 0, L_000001201039f960;  1 drivers
L_00000120103477d0 .functor BUFT 1, C4<01>, C4<0>, C4<0>, C4<0>;
v000001201033cb70_0 .net/2u *"_ivl_20", 1 0, L_00000120103477d0;  1 drivers
L_0000012010347818 .functor BUFT 1, C4<1100011>, C4<0>, C4<0>, C4<0>;
v000001201033bb30_0 .net/2u *"_ivl_22", 6 0, L_0000012010347818;  1 drivers
v000001201033c530_0 .net *"_ivl_24", 0 0, L_00000120103a05e0;  1 drivers
L_0000012010347860 .functor BUFT 1, C4<10>, C4<0>, C4<0>, C4<0>;
v000001201033bd10_0 .net/2u *"_ivl_26", 1 0, L_0000012010347860;  1 drivers
L_00000120103478a8 .functor BUFT 1, C4<00>, C4<0>, C4<0>, C4<0>;
v000001201033cad0_0 .net/2u *"_ivl_28", 1 0, L_00000120103478a8;  1 drivers
v000001201033b810_0 .net *"_ivl_30", 1 0, L_00000120103a0ae0;  1 drivers
L_00000120103478f0 .functor BUFT 1, C4<0000011>, C4<0>, C4<0>, C4<0>;
v000001201033b090_0 .net/2u *"_ivl_34", 6 0, L_00000120103478f0;  1 drivers
v000001201033b630_0 .net *"_ivl_36", 0 0, L_00000120103a0b80;  1 drivers
L_0000012010347938 .functor BUFT 1, C4<0100011>, C4<0>, C4<0>, C4<0>;
v000001201033b1d0_0 .net/2u *"_ivl_38", 6 0, L_0000012010347938;  1 drivers
L_00000120103476b0 .functor BUFT 1, C4<0110011>, C4<0>, C4<0>, C4<0>;
v000001201033b4f0_0 .net/2u *"_ivl_4", 6 0, L_00000120103476b0;  1 drivers
v000001201033bf90_0 .net *"_ivl_40", 0 0, L_00000120103a0720;  1 drivers
v000001201033b590_0 .net *"_ivl_42", 0 0, L_00000120103a35a0;  1 drivers
L_0000012010347980 .functor BUFT 1, C4<1>, C4<0>, C4<0>, C4<0>;
v000001201033ccb0_0 .net/2u *"_ivl_44", 0 0, L_0000012010347980;  1 drivers
L_00000120103479c8 .functor BUFT 1, C4<0>, C4<0>, C4<0>, C4<0>;
v000001201033be50_0 .net/2u *"_ivl_46", 0 0, L_00000120103479c8;  1 drivers
L_0000012010347a10 .functor BUFT 1, C4<0100011>, C4<0>, C4<0>, C4<0>;
v000001201033ba90_0 .net/2u *"_ivl_50", 6 0, L_0000012010347a10;  1 drivers
v000001201033bef0_0 .net *"_ivl_52", 0 0, L_00000120103a0c20;  1 drivers
L_0000012010347a58 .functor BUFT 1, C4<1>, C4<0>, C4<0>, C4<0>;
v000001201033bbd0_0 .net/2u *"_ivl_54", 0 0, L_0000012010347a58;  1 drivers
L_0000012010347aa0 .functor BUFT 1, C4<0>, C4<0>, C4<0>, C4<0>;
v000001201033bc70_0 .net/2u *"_ivl_56", 0 0, L_0000012010347aa0;  1 drivers
v000001201033b6d0_0 .net *"_ivl_6", 0 0, L_000001201039fa00;  1 drivers
L_0000012010347ae8 .functor BUFT 1, C4<0000011>, C4<0>, C4<0>, C4<0>;
v000001201033c5d0_0 .net/2u *"_ivl_60", 6 0, L_0000012010347ae8;  1 drivers
v000001201033c0d0_0 .net *"_ivl_62", 0 0, L_00000120103a1a80;  1 drivers
L_0000012010347b30 .functor BUFT 1, C4<1>, C4<0>, C4<0>, C4<0>;
v000001201033b770_0 .net/2u *"_ivl_64", 0 0, L_0000012010347b30;  1 drivers
L_0000012010347b78 .functor BUFT 1, C4<0>, C4<0>, C4<0>, C4<0>;
v000001201033c210_0 .net/2u *"_ivl_66", 0 0, L_0000012010347b78;  1 drivers
L_0000012010347bc0 .functor BUFT 1, C4<1100011>, C4<0>, C4<0>, C4<0>;
v000001201033c8f0_0 .net/2u *"_ivl_70", 6 0, L_0000012010347bc0;  1 drivers
v000001201033b130_0 .net *"_ivl_72", 0 0, L_00000120103a1ee0;  1 drivers
L_0000012010347c08 .functor BUFT 1, C4<1>, C4<0>, C4<0>, C4<0>;
v000001201033b8b0_0 .net/2u *"_ivl_74", 0 0, L_0000012010347c08;  1 drivers
L_0000012010347c50 .functor BUFT 1, C4<0>, C4<0>, C4<0>, C4<0>;
v000001201033cd50_0 .net/2u *"_ivl_76", 0 0, L_0000012010347c50;  1 drivers
v000001201033b950_0 .net *"_ivl_8", 0 0, L_00000120103a3300;  1 drivers
L_0000012010347c98 .functor BUFT 1, C4<0110011>, C4<0>, C4<0>, C4<0>;
v000001201033b9f0_0 .net/2u *"_ivl_80", 6 0, L_0000012010347c98;  1 drivers
v000001201033b310_0 .net *"_ivl_82", 0 0, L_00000120103a1940;  1 drivers
L_0000012010347ce0 .functor BUFT 1, C4<10>, C4<0>, C4<0>, C4<0>;
v000001201033c2b0_0 .net/2u *"_ivl_84", 1 0, L_0000012010347ce0;  1 drivers
L_0000012010347d28 .functor BUFT 1, C4<1100011>, C4<0>, C4<0>, C4<0>;
v000001201033c7b0_0 .net/2u *"_ivl_86", 6 0, L_0000012010347d28;  1 drivers
v000001201033b3b0_0 .net *"_ivl_88", 0 0, L_00000120103a2660;  1 drivers
L_0000012010347d70 .functor BUFT 1, C4<01>, C4<0>, C4<0>, C4<0>;
v000001201033c3f0_0 .net/2u *"_ivl_90", 1 0, L_0000012010347d70;  1 drivers
L_0000012010347db8 .functor BUFT 1, C4<00>, C4<0>, C4<0>, C4<0>;
v000001201033c990_0 .net/2u *"_ivl_92", 1 0, L_0000012010347db8;  1 drivers
v000001201033cdf0_0 .net *"_ivl_94", 1 0, L_00000120103a27a0;  1 drivers
L_000001201039f960 .cmp/eq 7, L_00000120103a2520, L_0000012010347668;
L_000001201039fa00 .cmp/eq 7, L_00000120103a2520, L_00000120103476b0;
L_00000120103a0860 .functor MUXZ 1, L_0000012010347740, L_00000120103476f8, L_00000120103a3300, C4<>;
L_00000120103a0540 .cmp/eq 7, L_00000120103a2520, L_0000012010347788;
L_00000120103a05e0 .cmp/eq 7, L_00000120103a2520, L_0000012010347818;
L_00000120103a0ae0 .functor MUXZ 2, L_00000120103478a8, L_0000012010347860, L_00000120103a05e0, C4<>;
L_00000120103a0680 .functor MUXZ 2, L_00000120103a0ae0, L_00000120103477d0, L_00000120103a0540, C4<>;
L_00000120103a0b80 .cmp/eq 7, L_00000120103a2520, L_00000120103478f0;
L_00000120103a0720 .cmp/eq 7, L_00000120103a2520, L_0000012010347938;
L_00000120103a0900 .functor MUXZ 1, L_00000120103479c8, L_0000012010347980, L_00000120103a35a0, C4<>;
L_00000120103a0c20 .cmp/eq 7, L_00000120103a2520, L_0000012010347a10;
L_00000120103a2ac0 .functor MUXZ 1, L_0000012010347aa0, L_0000012010347a58, L_00000120103a0c20, C4<>;
L_00000120103a1a80 .cmp/eq 7, L_00000120103a2520, L_0000012010347ae8;
L_00000120103a2700 .functor MUXZ 1, L_0000012010347b78, L_0000012010347b30, L_00000120103a1a80, C4<>;
L_00000120103a1ee0 .cmp/eq 7, L_00000120103a2520, L_0000012010347bc0;
L_00000120103a1c60 .functor MUXZ 1, L_0000012010347c50, L_0000012010347c08, L_00000120103a1ee0, C4<>;
L_00000120103a1940 .cmp/eq 7, L_00000120103a2520, L_0000012010347c98;
L_00000120103a2660 .cmp/eq 7, L_00000120103a2520, L_0000012010347d28;
L_00000120103a27a0 .functor MUXZ 2, L_0000012010347db8, L_0000012010347d70, L_00000120103a2660, C4<>;
L_00000120103a19e0 .functor MUXZ 2, L_00000120103a27a0, L_0000012010347ce0, L_00000120103a1940, C4<>;
S_00000120102983e0 .scope module, "Data_Memory" "Data_Memory" 2 88, 7 1 0, S_00000120102a50f0;
 .timescale 0 0;
    .port_info 0 /INPUT 1 "clk";
    .port_info 1 /INPUT 1 "rst";
    .port_info 2 /INPUT 1 "WE";
    .port_info 3 /INPUT 32 "WD";
    .port_info 4 /INPUT 32 "A";
    .port_info 5 /OUTPUT 32 "RD";
L_00000120103a3370 .functor NOT 1, o00000120102e3f78, C4<0>, C4<0>, C4<0>;
v0000012010341c50_0 .net "A", 31 0, L_00000120103a0040;  alias, 1 drivers
v0000012010341cf0_0 .net "RD", 31 0, L_00000120103a6cb0;  alias, 1 drivers
v00000120103414d0_0 .net "WD", 31 0, L_00000120103a0f40;  alias, 1 drivers
v0000012010340490_0 .net "WE", 0 0, L_00000120103a2ac0;  alias, 1 drivers
v0000012010341430_0 .net *"_ivl_0", 0 0, L_00000120103a3370;  1 drivers
L_0000012010348430 .functor BUFT 1, C4<00000000000000000000000000000000>, C4<0>, C4<0>, C4<0>;
v0000012010341570_0 .net/2u *"_ivl_2", 31 0, L_0000012010348430;  1 drivers
v0000012010341d90_0 .net *"_ivl_4", 31 0, L_00000120103a7110;  1 drivers
v0000012010340530_0 .net "clk", 0 0, o00000120102e3f48;  alias, 0 drivers
v0000012010340fd0 .array "mem", 0 1023, 31 0;
v0000012010340df0_0 .net "rst", 0 0, o00000120102e3f78;  alias, 0 drivers
E_00000120102d0210 .event posedge, v0000012010340530_0;
L_00000120103a7110 .array/port v0000012010340fd0, L_00000120103a0040;
L_00000120103a6cb0 .functor MUXZ 32, L_00000120103a7110, L_0000012010348430, L_00000120103a3370, C4<>;
S_0000012010298570 .scope module, "Instruction_Memory" "Instruction_Memory" 2 33, 8 1 0, S_00000120102a50f0;
 .timescale 0 0;
    .port_info 0 /INPUT 1 "rst";
    .port_info 1 /INPUT 32 "A";
    .port_info 2 /OUTPUT 32 "RD";
L_00000120102b67f0 .functor NOT 1, o00000120102e3f78, C4<0>, C4<0>, C4<0>;
v0000012010341110_0 .net "A", 31 0, v0000012010341a70_0;  alias, 1 drivers
v0000012010341ed0_0 .net "RD", 31 0, L_0000012010346fa0;  alias, 1 drivers
v0000012010341390_0 .net *"_ivl_0", 0 0, L_00000120102b67f0;  1 drivers
L_0000012010347110 .functor BUFT 1, C4<00000000000000000000000000000000>, C4<0>, C4<0>, C4<0>;
v00000120103411b0_0 .net/2u *"_ivl_2", 31 0, L_0000012010347110;  1 drivers
v00000120103407b0_0 .net *"_ivl_4", 31 0, L_0000012010346460;  1 drivers
v0000012010340990_0 .net *"_ivl_7", 29 0, L_0000012010346dc0;  1 drivers
v00000120103416b0 .array "mem", 1023 0, 31 0;
v0000012010340850_0 .net "rst", 0 0, o00000120102e3f78;  alias, 0 drivers
L_0000012010346460 .array/port v00000120103416b0, L_0000012010346dc0;
L_0000012010346dc0 .part v0000012010341a70_0, 2, 30;
L_0000012010346fa0 .functor MUXZ 32, L_0000012010346460, L_0000012010347110, L_00000120102b67f0, C4<>;
S_0000012010285d30 .scope module, "Mux_DataMemory_to_Register" "Mux" 2 97, 9 1 0, S_00000120102a50f0;
 .timescale 0 0;
    .port_info 0 /INPUT 32 "a";
    .port_info 1 /INPUT 32 "b";
    .port_info 2 /INPUT 1 "s";
    .port_info 3 /OUTPUT 32 "c";
L_00000120103a34c0 .functor NOT 1, L_00000120103a2700, C4<0>, C4<0>, C4<0>;
v0000012010341890_0 .net *"_ivl_0", 0 0, L_00000120103a34c0;  1 drivers
v0000012010340c10_0 .net "a", 31 0, L_00000120103a0040;  alias, 1 drivers
v0000012010341750_0 .net "b", 31 0, L_00000120103a6cb0;  alias, 1 drivers
v0000012010341930_0 .net "c", 31 0, L_00000120103a6670;  alias, 1 drivers
v0000012010341250_0 .net "s", 0 0, L_00000120103a2700;  alias, 1 drivers
L_00000120103a6670 .functor MUXZ 32, L_00000120103a6cb0, L_00000120103a0040, L_00000120103a34c0, C4<>;
S_0000012010285ec0 .scope module, "Mux_Register_to_ALU" "Mux" 2 57, 9 1 0, S_00000120102a50f0;
 .timescale 0 0;
    .port_info 0 /INPUT 32 "a";
    .port_info 1 /INPUT 32 "b";
    .port_info 2 /INPUT 1 "s";
    .port_info 3 /OUTPUT 32 "c";
L_0000012010292710 .functor NOT 1, L_00000120103a0900, C4<0>, C4<0>, C4<0>;
v0000012010341bb0_0 .net *"_ivl_0", 0 0, L_0000012010292710;  1 drivers
v00000120103412f0_0 .net "a", 31 0, L_00000120103a0f40;  alias, 1 drivers
v0000012010341e30_0 .net "b", 31 0, L_00000120103a1080;  alias, 1 drivers
v0000012010340670_0 .net "c", 31 0, L_000001201039f3c0;  alias, 1 drivers
v0000012010340710_0 .net "s", 0 0, L_00000120103a0900;  alias, 1 drivers
L_000001201039f3c0 .functor MUXZ 32, L_00000120103a1080, L_00000120103a0f40, L_0000012010292710, C4<>;
S_000001201029fad0 .scope module, "PC" "PC_Module" 2 20, 10 1 0, S_00000120102a50f0;
 .timescale 0 0;
    .port_info 0 /INPUT 1 "clk";
    .port_info 1 /INPUT 1 "rst";
    .port_info 2 /OUTPUT 32 "PC";
    .port_info 3 /INPUT 32 "PC_Next";
v0000012010341a70_0 .var "PC", 31 0;
v0000012010341070_0 .net "PC_Next", 31 0, L_0000012010346320;  alias, 1 drivers
v0000012010340f30_0 .net "clk", 0 0, o00000120102e3f48;  alias, 0 drivers
v0000012010341f70_0 .net "rst", 0 0, o00000120102e3f78;  alias, 0 drivers
S_000001201029fc60 .scope module, "PC_Adder" "PC_Adder" 2 27, 11 1 0, S_00000120102a50f0;
 .timescale 0 0;
    .port_info 0 /INPUT 32 "a";
    .port_info 1 /INPUT 32 "b";
    .port_info 2 /OUTPUT 32 "c";
v0000012010340210_0 .net "a", 31 0, v0000012010341a70_0;  alias, 1 drivers
L_00000120103470c8 .functor BUFT 1, C4<00000000000000000000000000000100>, C4<0>, C4<0>, C4<0>;
v0000012010340ad0_0 .net "b", 31 0, L_00000120103470c8;  1 drivers
v00000120103400d0_0 .net "c", 31 0, L_0000012010346320;  alias, 1 drivers
L_0000012010346320 .arith/sum 32, v0000012010341a70_0, L_00000120103470c8;
S_000001201029cf70 .scope module, "Register_File" "Register_File" 2 39, 12 1 0, S_00000120102a50f0;
 .timescale 0 0;
    .port_info 0 /INPUT 1 "clk";
    .port_info 1 /INPUT 1 "rst";
    .port_info 2 /INPUT 1 "WE3";
    .port_info 3 /INPUT 32 "WD3";
    .port_info 4 /INPUT 5 "A1";
    .port_info 5 /INPUT 5 "A2";
    .port_info 6 /INPUT 5 "A3";
    .port_info 7 /OUTPUT 32 "RD1";
    .port_info 8 /OUTPUT 32 "RD2";
L_00000120102b6940 .functor NOT 1, o00000120102e3f78, C4<0>, C4<0>, C4<0>;
L_00000120102b69b0 .functor NOT 1, o00000120102e3f78, C4<0>, C4<0>, C4<0>;
v00000120103402b0_0 .net "A1", 4 0, L_000001201039f1e0;  1 drivers
v0000012010340350_0 .net "A2", 4 0, L_00000120103a1620;  1 drivers
v00000120103403f0_0 .net "A3", 4 0, L_000001201039f6e0;  1 drivers
v00000120103408f0_0 .net "RD1", 31 0, L_00000120103a07c0;  alias, 1 drivers
v0000012010340a30_0 .net "RD2", 31 0, L_00000120103a0f40;  alias, 1 drivers
v0000012010340b70 .array "Register", 0 31, 31 0;
v0000012010345560_0 .net "WD3", 31 0, L_00000120103a6670;  alias, 1 drivers
v0000012010345600_0 .net "WE3", 0 0, L_00000120103a0860;  alias, 1 drivers
v0000012010346640_0 .net *"_ivl_0", 0 0, L_00000120102b6940;  1 drivers
v00000120103459c0_0 .net *"_ivl_12", 0 0, L_00000120102b69b0;  1 drivers
L_00000120103471e8 .functor BUFT 1, C4<00000000000000000000000000000000>, C4<0>, C4<0>, C4<0>;
v00000120103463c0_0 .net/2u *"_ivl_14", 31 0, L_00000120103471e8;  1 drivers
v0000012010345880_0 .net *"_ivl_16", 31 0, L_00000120103a14e0;  1 drivers
v00000120103452e0_0 .net *"_ivl_18", 6 0, L_00000120103a1580;  1 drivers
L_0000012010347158 .functor BUFT 1, C4<00000000000000000000000000000000>, C4<0>, C4<0>, C4<0>;
v00000120103451a0_0 .net/2u *"_ivl_2", 31 0, L_0000012010347158;  1 drivers
L_0000012010347230 .functor BUFT 1, C4<00>, C4<0>, C4<0>, C4<0>;
v00000120103456a0_0 .net *"_ivl_21", 1 0, L_0000012010347230;  1 drivers
v00000120103466e0_0 .net *"_ivl_4", 31 0, L_000001201039f500;  1 drivers
v0000012010345a60_0 .net *"_ivl_6", 6 0, L_000001201039f280;  1 drivers
L_00000120103471a0 .functor BUFT 1, C4<00>, C4<0>, C4<0>, C4<0>;
v00000120103454c0_0 .net *"_ivl_9", 1 0, L_00000120103471a0;  1 drivers
v0000012010345f60_0 .net "clk", 0 0, o00000120102e3f48;  alias, 0 drivers
v0000012010345740_0 .net "rst", 0 0, o00000120102e3f78;  alias, 0 drivers
L_000001201039f500 .array/port v0000012010340b70, L_000001201039f280;
L_000001201039f280 .concat [ 5 2 0 0], L_000001201039f1e0, L_00000120103471a0;
L_00000120103a07c0 .functor MUXZ 32, L_000001201039f500, L_0000012010347158, L_00000120102b6940, C4<>;
L_00000120103a14e0 .array/port v0000012010340b70, L_00000120103a1580;
L_00000120103a1580 .concat [ 5 2 0 0], L_00000120103a1620, L_0000012010347230;
L_00000120103a0f40 .functor MUXZ 32, L_00000120103a14e0, L_00000120103471e8, L_00000120102b69b0, C4<>;
S_000001201029d100 .scope module, "Sign_Extend" "Sign_Extend" 2 51, 13 1 0, S_00000120102a50f0;
 .timescale 0 0;
    .port_info 0 /INPUT 32 "In";
    .port_info 1 /OUTPUT 32 "Imm_Ext";
    .port_info 2 /INPUT 1 "ImmSrc";
L_0000012010347278 .functor BUFT 1, C4<1>, C4<0>, C4<0>, C4<0>;
L_00000120102b6a20 .functor XNOR 1, L_00000120103a0fe0, L_0000012010347278, C4<0>, C4<0>;
v0000012010345b00_0 .net "ImmSrc", 0 0, L_00000120103a0fe0;  1 drivers
v0000012010345ba0_0 .net "Imm_Ext", 31 0, L_00000120103a1080;  alias, 1 drivers
v00000120103460a0_0 .net "In", 31 0, L_0000012010346fa0;  alias, 1 drivers
v0000012010346000_0 .net/2u *"_ivl_0", 0 0, L_0000012010347278;  1 drivers
v0000012010346780_0 .net *"_ivl_11", 4 0, L_000001201039f5a0;  1 drivers
v0000012010346140_0 .net *"_ivl_12", 31 0, L_000001201039f320;  1 drivers
v0000012010346820_0 .net *"_ivl_15", 0 0, L_00000120103a1760;  1 drivers
v0000012010345380_0 .net *"_ivl_16", 19 0, L_000001201039f780;  1 drivers
v0000012010346960_0 .net *"_ivl_19", 11 0, L_00000120103a0360;  1 drivers
v0000012010345240_0 .net *"_ivl_2", 0 0, L_00000120102b6a20;  1 drivers
v00000120103457e0_0 .net *"_ivl_20", 31 0, L_000001201039fc80;  1 drivers
v0000012010346e60_0 .net *"_ivl_5", 0 0, L_00000120103a0e00;  1 drivers
v0000012010346c80_0 .net *"_ivl_6", 19 0, L_00000120103a16c0;  1 drivers
v0000012010345d80_0 .net *"_ivl_9", 6 0, L_00000120103a1800;  1 drivers
L_00000120103a0e00 .part L_0000012010346fa0, 31, 1;
LS_00000120103a16c0_0_0 .concat [ 1 1 1 1], L_00000120103a0e00, L_00000120103a0e00, L_00000120103a0e00, L_00000120103a0e00;
LS_00000120103a16c0_0_4 .concat [ 1 1 1 1], L_00000120103a0e00, L_00000120103a0e00, L_00000120103a0e00, L_00000120103a0e00;
LS_00000120103a16c0_0_8 .concat [ 1 1 1 1], L_00000120103a0e00, L_00000120103a0e00, L_00000120103a0e00, L_00000120103a0e00;
LS_00000120103a16c0_0_12 .concat [ 1 1 1 1], L_00000120103a0e00, L_00000120103a0e00, L_00000120103a0e00, L_00000120103a0e00;
LS_00000120103a16c0_0_16 .concat [ 1 1 1 1], L_00000120103a0e00, L_00000120103a0e00, L_00000120103a0e00, L_00000120103a0e00;
LS_00000120103a16c0_1_0 .concat [ 4 4 4 4], LS_00000120103a16c0_0_0, LS_00000120103a16c0_0_4, LS_00000120103a16c0_0_8, LS_00000120103a16c0_0_12;
LS_00000120103a16c0_1_4 .concat [ 4 0 0 0], LS_00000120103a16c0_0_16;
L_00000120103a16c0 .concat [ 16 4 0 0], LS_00000120103a16c0_1_0, LS_00000120103a16c0_1_4;
L_00000120103a1800 .part L_0000012010346fa0, 25, 7;
L_000001201039f5a0 .part L_0000012010346fa0, 7, 5;
L_000001201039f320 .concat [ 5 7 20 0], L_000001201039f5a0, L_00000120103a1800, L_00000120103a16c0;
L_00000120103a1760 .part L_0000012010346fa0, 31, 1;
LS_000001201039f780_0_0 .concat [ 1 1 1 1], L_00000120103a1760, L_00000120103a1760, L_00000120103a1760, L_00000120103a1760;
LS_000001201039f780_0_4 .concat [ 1 1 1 1], L_00000120103a1760, L_00000120103a1760, L_00000120103a1760, L_00000120103a1760;
LS_000001201039f780_0_8 .concat [ 1 1 1 1], L_00000120103a1760, L_00000120103a1760, L_00000120103a1760, L_00000120103a1760;
LS_000001201039f780_0_12 .concat [ 1 1 1 1], L_00000120103a1760, L_00000120103a1760, L_00000120103a1760, L_00000120103a1760;
LS_000001201039f780_0_16 .concat [ 1 1 1 1], L_00000120103a1760, L_00000120103a1760, L_00000120103a1760, L_00000120103a1760;
LS_000001201039f780_1_0 .concat [ 4 4 4 4], LS_000001201039f780_0_0, LS_000001201039f780_0_4, LS_000001201039f780_0_8, LS_000001201039f780_0_12;
LS_000001201039f780_1_4 .concat [ 4 0 0 0], LS_000001201039f780_0_16;
L_000001201039f780 .concat [ 16 4 0 0], LS_000001201039f780_1_0, LS_000001201039f780_1_4;
L_00000120103a0360 .part L_0000012010346fa0, 20, 12;
L_000001201039fc80 .concat [ 12 20 0 0], L_00000120103a0360, L_000001201039f780;
L_00000120103a1080 .functor MUXZ 32, L_000001201039fc80, L_000001201039f320, L_00000120102b6a20, C4<>;
    .scope S_000001201029fad0;
T_0 ;
    %wait E_00000120102d0210;
    %load/vec4 v0000012010341f70_0;
    %inv;
    %flag_set/vec4 8;
    %jmp/0xz  T_0.0, 8;
    %pushi/vec4 0, 0, 32;
    %assign/vec4 v0000012010341a70_0, 0;
    %jmp T_0.1;
T_0.0 ;
    %load/vec4 v0000012010341070_0;
    %assign/vec4 v0000012010341a70_0, 0;
T_0.1 ;
    %jmp T_0;
    .thread T_0;
    .scope S_0000012010298570;
T_1 ;
    %vpi_call 8 12 "$readmemh", "memfile.hex", v00000120103416b0, 32'sb00000000000000000000000000000000, 32'sb00000000000000000000001111111111 {0 0 0};
    %end;
    .thread T_1;
    .scope S_000001201029cf70;
T_2 ;
    %wait E_00000120102d0210;
    %load/vec4 v0000012010345600_0;
    %flag_set/vec4 8;
    %jmp/0xz  T_2.0, 8;
    %load/vec4 v0000012010345560_0;
    %load/vec4 v00000120103403f0_0;
    %pad/u 7;
    %ix/vec4 3;
    %ix/load 4, 0, 0; Constant delay
    %assign/vec4/a/d v0000012010340b70, 0, 4;
T_2.0 ;
    %jmp T_2;
    .thread T_2;
    .scope S_000001201029cf70;
T_3 ;
    %pushi/vec4 5, 0, 32;
    %ix/load 4, 5, 0;
    %flag_set/imm 4, 0;
    %store/vec4a v0000012010340b70, 4, 0;
    %pushi/vec4 4, 0, 32;
    %ix/load 4, 6, 0;
    %flag_set/imm 4, 0;
    %store/vec4a v0000012010340b70, 4, 0;
    %end;
    .thread T_3;
    .scope S_00000120102983e0;
T_4 ;
    %wait E_00000120102d0210;
    %load/vec4 v0000012010340490_0;
    %flag_set/vec4 8;
    %jmp/0xz  T_4.0, 8;
    %load/vec4 v00000120103414d0_0;
    %ix/getv 3, v0000012010341c50_0;
    %ix/load 4, 0, 0; Constant delay
    %assign/vec4/a/d v0000012010340fd0, 0, 4;
T_4.0 ;
    %jmp T_4;
    .thread T_4;
    .scope S_00000120102983e0;
T_5 ;
    %pushi/vec4 32, 0, 32;
    %ix/load 4, 28, 0;
    %flag_set/imm 4, 0;
    %store/vec4a v0000012010340fd0, 4, 0;
    %end;
    .thread T_5;
# The file index is used to find the file name in the following table.
:file_names 14;
    "N/A";
    "<interactive>";
    "Single_Cycle_Top.v";
    "./ALU.v";
    "./Control_Unit_Top.v";
    "./ALU_Decoder.v";
    "./Main_Decoder.v";
    "./Data_Memory.v";
    "./Instruction_Memory.v";
    "./Mux.v";
    "./PC.v";
    "./PC_Adder.v";
    "./Register_File.v";
    "./Sign_Extend.v";
