#! /c/Source/iverilog-install/bin/vvp
:ivl_version "12.0 (devel)" "(s20150603-1539-g2693dd32b)";
:ivl_delay_selection "TYPICAL";
:vpi_time_precision + 0;
:vpi_module "C:\iverilog\lib\ivl\system.vpi";
:vpi_module "C:\iverilog\lib\ivl\vhdl_sys.vpi";
:vpi_module "C:\iverilog\lib\ivl\vhdl_textio.vpi";
:vpi_module "C:\iverilog\lib\ivl\v2005_math.vpi";
:vpi_module "C:\iverilog\lib\ivl\va_math.vpi";
S_000001c91beb51a0 .scope module, "Single_Cycle_Top_Tb" "Single_Cycle_Top_Tb" 2 3;
 .timescale 0 0;
v000001c91bf0c3c0_0 .var "clk", 0 0;
v000001c91bf0c460_0 .var "rst", 0 0;
S_000001c91be7d4f0 .scope module, "Single_Cycle_Top" "Single_Cycle_Top" 2 7, 3 11 0, S_000001c91beb51a0;
 .timescale 0 0;
    .port_info 0 /INPUT 1 "clk";
    .port_info 1 /INPUT 1 "rst";
v000001c91bf0d400_0 .net "ALUControl_Top", 2 0, L_000001c91bf7dc20;  1 drivers
v000001c91bf0d4a0_0 .net "ALUResult", 31 0, L_000001c91bf711f0;  1 drivers
v000001c91bf0d040_0 .net "ALUSrc", 0 0, L_000001c91bf71150;  1 drivers
v000001c91bf0c6e0_0 .net "ImmSrc", 1 0, L_000001c91bf71e70;  1 drivers
v000001c91bf0d900_0 .net "Imm_Ext_Top", 31 0, L_000001c91bf72910;  1 drivers
v000001c91bf0d180_0 .net "MemWrite", 0 0, L_000001c91bf71a10;  1 drivers
v000001c91bf0d220_0 .net "PCPlus4", 31 0, L_000001c91bf0ca00;  1 drivers
v000001c91bf0d540_0 .net "PC_Top", 31 0, v000001c91bf0a810_0;  1 drivers
v000001c91bf0c0a0_0 .net "RD1_Top", 31 0, L_000001c91bf733b0;  1 drivers
v000001c91bf0d5e0_0 .net "RD2_Top", 31 0, L_000001c91bf72af0;  1 drivers
v000001c91bf0d680_0 .net "RD_Instr", 31 0, L_000001c91bf73810;  1 drivers
v000001c91bf0c140_0 .net "ReadData", 31 0, L_000001c91bf7c960;  1 drivers
v000001c91bf0d720_0 .net "RegWrite", 0 0, L_000001c91bf71c90;  1 drivers
v000001c91bf0db80_0 .net "Result", 31 0, L_000001c91bf7caa0;  1 drivers
v000001c91bf0d860_0 .net "ResultSrc", 0 0, L_000001c91bf71510;  1 drivers
v000001c91bf0de00_0 .net "SrcB", 31 0, L_000001c91bf73d10;  1 drivers
v000001c91bf0d9a0_0 .net "clk", 0 0, v000001c91bf0c3c0_0;  1 drivers
v000001c91bf0dd60_0 .net "rst", 0 0, v000001c91bf0c460_0;  1 drivers
L_000001c91bf72b90 .part L_000001c91bf73810, 15, 5;
L_000001c91bf73bd0 .part L_000001c91bf73810, 20, 5;
L_000001c91bf72d70 .part L_000001c91bf73810, 7, 5;
L_000001c91bf739f0 .part L_000001c91bf71e70, 0, 1;
L_000001c91bf7dd60 .part L_000001c91bf73810, 0, 7;
L_000001c91bf7cbe0 .part L_000001c91bf73810, 12, 3;
L_000001c91bf7df40 .part L_000001c91bf73810, 0, 7;
S_000001c91be7d680 .scope module, "ALU" "ALU" 3 64, 4 1 0, S_000001c91be7d4f0;
 .timescale 0 0;
    .port_info 0 /INPUT 32 "A";
    .port_info 1 /INPUT 32 "B";
    .port_info 2 /OUTPUT 32 "Result";
    .port_info 3 /INPUT 3 "ALUControl";
    .port_info 4 /OUTPUT 1 "OverFlow";
    .port_info 5 /OUTPUT 1 "Carry";
    .port_info 6 /OUTPUT 1 "Zero";
    .port_info 7 /OUTPUT 1 "Negative";
L_000001c91bf18290 .functor BUFT 1, C4<0>, C4<0>, C4<0>, C4<0>;
L_000001c91bf75510 .functor XNOR 1, L_000001c91bf73590, L_000001c91bf18290, C4<0>, C4<0>;
L_000001c91bf753c0 .functor NOT 33, L_000001c91bf73f90, C4<000000000000000000000000000000000>, C4<000000000000000000000000000000000>, C4<000000000000000000000000000000000>;
L_000001c91bf75d60 .functor AND 32, L_000001c91bf733b0, L_000001c91bf73d10, C4<11111111111111111111111111111111>, C4<11111111111111111111111111111111>;
L_000001c91bf75a50 .functor OR 32, L_000001c91bf733b0, L_000001c91bf73d10, C4<00000000000000000000000000000000>, C4<00000000000000000000000000000000>;
L_000001c91bf75820 .functor XOR 1, L_000001c91bf71330, L_000001c91bf71290, C4<0>, C4<0>;
L_000001c91bf75dd0 .functor XOR 1, L_000001c91bf70390, L_000001c91bf71bf0, C4<0>, C4<0>;
L_000001c91bf75c10 .functor XOR 1, L_000001c91bf75dd0, L_000001c91bf70610, C4<0>, C4<0>;
L_000001c91bf757b0 .functor NOT 1, L_000001c91bf75c10, C4<0>, C4<0>, C4<0>;
L_000001c91bf76000 .functor AND 1, L_000001c91bf75820, L_000001c91bf757b0, C4<1>, C4<1>;
L_000001c91bf75890 .functor NOT 1, L_000001c91bf72230, C4<0>, C4<0>, C4<0>;
L_000001c91bf75900 .functor AND 1, L_000001c91bf76000, L_000001c91bf75890, C4<1>, C4<1>;
L_000001c91bf759e0 .functor NOT 1, L_000001c91bf70930, C4<0>, C4<0>, C4<0>;
L_000001c91bf75ac0 .functor AND 1, L_000001c91bf759e0, L_000001c91bf73630, C4<1>, C4<1>;
L_000001c91bf75970 .functor NOT 32, L_000001c91bf711f0, C4<00000000000000000000000000000000>, C4<00000000000000000000000000000000>, C4<00000000000000000000000000000000>;
v000001c91beaf150_0 .net "A", 31 0, L_000001c91bf733b0;  alias, 1 drivers
v000001c91beaf3d0_0 .net "ALUControl", 2 0, L_000001c91bf7dc20;  alias, 1 drivers
v000001c91beaf830_0 .net "B", 31 0, L_000001c91bf73d10;  alias, 1 drivers
v000001c91beafb50_0 .net "Carry", 0 0, L_000001c91bf75ac0;  1 drivers
v000001c91beafbf0_0 .net "Cout", 0 0, L_000001c91bf73630;  1 drivers
v000001c91beafe70_0 .net "Negative", 0 0, L_000001c91bf72370;  1 drivers
v000001c91beaff10_0 .net "OverFlow", 0 0, L_000001c91bf75900;  1 drivers
v000001c91beaee30_0 .net "Result", 31 0, L_000001c91bf711f0;  alias, 1 drivers
v000001c91beaffb0_0 .net "Sum", 31 0, L_000001c91bf73770;  1 drivers
v000001c91beb0050_0 .net "Zero", 0 0, L_000001c91bf713d0;  1 drivers
v000001c91beae1b0_0 .net *"_ivl_100", 0 0, L_000001c91bf72230;  1 drivers
v000001c91beaeed0_0 .net *"_ivl_101", 0 0, L_000001c91bf75890;  1 drivers
v000001c91beae2f0_0 .net *"_ivl_106", 0 0, L_000001c91bf70930;  1 drivers
v000001c91beae7f0_0 .net *"_ivl_107", 0 0, L_000001c91bf759e0;  1 drivers
v000001c91beae430_0 .net *"_ivl_111", 31 0, L_000001c91bf75970;  1 drivers
L_000001c91bf182d8 .functor BUFT 1, C4<0>, C4<0>, C4<0>, C4<0>;
v000001c91beae4d0_0 .net *"_ivl_12", 0 0, L_000001c91bf182d8;  1 drivers
v000001c91beae570_0 .net *"_ivl_13", 32 0, L_000001c91bf73db0;  1 drivers
L_000001c91bf18320 .functor BUFT 1, C4<0>, C4<0>, C4<0>, C4<0>;
v000001c91beae610_0 .net *"_ivl_16", 0 0, L_000001c91bf18320;  1 drivers
v000001c91beae6b0_0 .net *"_ivl_17", 32 0, L_000001c91bf73e50;  1 drivers
v000001c91beaeb10_0 .net *"_ivl_19", 32 0, L_000001c91bf73ef0;  1 drivers
L_000001c91bf18368 .functor BUFT 1, C4<0>, C4<0>, C4<0>, C4<0>;
v000001c91beae750_0 .net *"_ivl_22", 0 0, L_000001c91bf18368;  1 drivers
v000001c91beae930_0 .net *"_ivl_23", 32 0, L_000001c91bf73f90;  1 drivers
L_000001c91bf183b0 .functor BUFT 1, C4<0>, C4<0>, C4<0>, C4<0>;
v000001c91beae9d0_0 .net *"_ivl_26", 0 0, L_000001c91bf183b0;  1 drivers
v000001c91beaebb0_0 .net *"_ivl_27", 32 0, L_000001c91bf753c0;  1 drivers
L_000001c91bf183f8 .functor BUFT 1, C4<000000000000000000000000000000001>, C4<0>, C4<0>, C4<0>;
v000001c91be80120_0 .net/2u *"_ivl_29", 32 0, L_000001c91bf183f8;  1 drivers
v000001c91bf05d20_0 .net *"_ivl_31", 32 0, L_000001c91bf72a50;  1 drivers
v000001c91bf05140_0 .net *"_ivl_33", 32 0, L_000001c91bf72c30;  1 drivers
v000001c91bf04ce0_0 .net *"_ivl_35", 32 0, L_000001c91bf72cd0;  1 drivers
L_000001c91bf18440 .functor BUFT 1, C4<000>, C4<0>, C4<0>, C4<0>;
v000001c91bf05dc0_0 .net/2u *"_ivl_37", 2 0, L_000001c91bf18440;  1 drivers
v000001c91bf04920_0 .net *"_ivl_39", 0 0, L_000001c91bf72e10;  1 drivers
v000001c91bf05000_0 .net *"_ivl_4", 0 0, L_000001c91bf73590;  1 drivers
L_000001c91bf18488 .functor BUFT 1, C4<001>, C4<0>, C4<0>, C4<0>;
v000001c91bf046a0_0 .net/2u *"_ivl_41", 2 0, L_000001c91bf18488;  1 drivers
v000001c91bf05e60_0 .net *"_ivl_43", 0 0, L_000001c91bf72eb0;  1 drivers
L_000001c91bf184d0 .functor BUFT 1, C4<010>, C4<0>, C4<0>, C4<0>;
v000001c91bf04740_0 .net/2u *"_ivl_45", 2 0, L_000001c91bf184d0;  1 drivers
v000001c91bf05f00_0 .net *"_ivl_47", 0 0, L_000001c91bf73090;  1 drivers
v000001c91bf04060_0 .net *"_ivl_49", 31 0, L_000001c91bf75d60;  1 drivers
v000001c91bf04380_0 .net/2u *"_ivl_5", 0 0, L_000001c91bf18290;  1 drivers
L_000001c91bf18518 .functor BUFT 1, C4<011>, C4<0>, C4<0>, C4<0>;
v000001c91bf04240_0 .net/2u *"_ivl_51", 2 0, L_000001c91bf18518;  1 drivers
v000001c91bf05b40_0 .net *"_ivl_53", 0 0, L_000001c91bf71010;  1 drivers
v000001c91bf05820_0 .net *"_ivl_55", 31 0, L_000001c91bf75a50;  1 drivers
L_000001c91bf18560 .functor BUFT 1, C4<101>, C4<0>, C4<0>, C4<0>;
v000001c91bf047e0_0 .net/2u *"_ivl_57", 2 0, L_000001c91bf18560;  1 drivers
v000001c91bf04100_0 .net *"_ivl_59", 0 0, L_000001c91bf71f10;  1 drivers
L_000001c91bf185a8 .functor BUFT 1, C4<0000000000000000000000000000000>, C4<0>, C4<0>, C4<0>;
v000001c91bf05780_0 .net/2u *"_ivl_61", 30 0, L_000001c91bf185a8;  1 drivers
v000001c91bf055a0_0 .net *"_ivl_64", 0 0, L_000001c91bf72410;  1 drivers
v000001c91bf05320_0 .net *"_ivl_65", 31 0, L_000001c91bf70250;  1 drivers
L_000001c91bf185f0 .functor BUFT 1, C4<00000000000000000000000000000000>, C4<0>, C4<0>, C4<0>;
v000001c91bf041a0_0 .net/2u *"_ivl_67", 31 0, L_000001c91bf185f0;  1 drivers
v000001c91bf04600_0 .net *"_ivl_69", 31 0, L_000001c91bf72190;  1 drivers
v000001c91bf051e0_0 .net *"_ivl_7", 0 0, L_000001c91bf75510;  1 drivers
v000001c91bf04880_0 .net *"_ivl_71", 31 0, L_000001c91bf70110;  1 drivers
v000001c91bf044c0_0 .net *"_ivl_73", 31 0, L_000001c91bf702f0;  1 drivers
v000001c91bf053c0_0 .net *"_ivl_75", 31 0, L_000001c91bf71790;  1 drivers
v000001c91bf05280_0 .net *"_ivl_80", 0 0, L_000001c91bf71330;  1 drivers
v000001c91bf042e0_0 .net *"_ivl_82", 0 0, L_000001c91bf71290;  1 drivers
v000001c91bf05460_0 .net *"_ivl_83", 0 0, L_000001c91bf75820;  1 drivers
v000001c91bf05500_0 .net *"_ivl_86", 0 0, L_000001c91bf70390;  1 drivers
v000001c91bf04420_0 .net *"_ivl_88", 0 0, L_000001c91bf71bf0;  1 drivers
v000001c91bf058c0_0 .net *"_ivl_89", 0 0, L_000001c91bf75dd0;  1 drivers
v000001c91bf05640_0 .net *"_ivl_9", 32 0, L_000001c91bf73b30;  1 drivers
v000001c91bf056e0_0 .net *"_ivl_92", 0 0, L_000001c91bf70610;  1 drivers
v000001c91bf05960_0 .net *"_ivl_93", 0 0, L_000001c91bf75c10;  1 drivers
v000001c91bf04560_0 .net *"_ivl_95", 0 0, L_000001c91bf757b0;  1 drivers
v000001c91bf05a00_0 .net *"_ivl_97", 0 0, L_000001c91bf76000;  1 drivers
L_000001c91bf73630 .part L_000001c91bf72cd0, 32, 1;
L_000001c91bf73770 .part L_000001c91bf72cd0, 0, 32;
L_000001c91bf73590 .part L_000001c91bf7dc20, 0, 1;
L_000001c91bf73b30 .concat [ 32 1 0 0], L_000001c91bf733b0, L_000001c91bf182d8;
L_000001c91bf73db0 .concat [ 32 1 0 0], L_000001c91bf73d10, L_000001c91bf18320;
L_000001c91bf73e50 .arith/sum 33, L_000001c91bf73b30, L_000001c91bf73db0;
L_000001c91bf73ef0 .concat [ 32 1 0 0], L_000001c91bf733b0, L_000001c91bf18368;
L_000001c91bf73f90 .concat [ 32 1 0 0], L_000001c91bf73d10, L_000001c91bf183b0;
L_000001c91bf72a50 .arith/sum 33, L_000001c91bf753c0, L_000001c91bf183f8;
L_000001c91bf72c30 .arith/sum 33, L_000001c91bf73ef0, L_000001c91bf72a50;
L_000001c91bf72cd0 .functor MUXZ 33, L_000001c91bf72c30, L_000001c91bf73e50, L_000001c91bf75510, C4<>;
L_000001c91bf72e10 .cmp/eq 3, L_000001c91bf7dc20, L_000001c91bf18440;
L_000001c91bf72eb0 .cmp/eq 3, L_000001c91bf7dc20, L_000001c91bf18488;
L_000001c91bf73090 .cmp/eq 3, L_000001c91bf7dc20, L_000001c91bf184d0;
L_000001c91bf71010 .cmp/eq 3, L_000001c91bf7dc20, L_000001c91bf18518;
L_000001c91bf71f10 .cmp/eq 3, L_000001c91bf7dc20, L_000001c91bf18560;
L_000001c91bf72410 .part L_000001c91bf73770, 31, 1;
L_000001c91bf70250 .concat [ 1 31 0 0], L_000001c91bf72410, L_000001c91bf185a8;
L_000001c91bf72190 .functor MUXZ 32, L_000001c91bf185f0, L_000001c91bf70250, L_000001c91bf71f10, C4<>;
L_000001c91bf70110 .functor MUXZ 32, L_000001c91bf72190, L_000001c91bf75a50, L_000001c91bf71010, C4<>;
L_000001c91bf702f0 .functor MUXZ 32, L_000001c91bf70110, L_000001c91bf75d60, L_000001c91bf73090, C4<>;
L_000001c91bf71790 .functor MUXZ 32, L_000001c91bf702f0, L_000001c91bf73770, L_000001c91bf72eb0, C4<>;
L_000001c91bf711f0 .functor MUXZ 32, L_000001c91bf71790, L_000001c91bf73770, L_000001c91bf72e10, C4<>;
L_000001c91bf71330 .part L_000001c91bf73770, 31, 1;
L_000001c91bf71290 .part L_000001c91bf733b0, 31, 1;
L_000001c91bf70390 .part L_000001c91bf7dc20, 0, 1;
L_000001c91bf71bf0 .part L_000001c91bf73d10, 31, 1;
L_000001c91bf70610 .part L_000001c91bf733b0, 31, 1;
L_000001c91bf72230 .part L_000001c91bf7dc20, 1, 1;
L_000001c91bf70930 .part L_000001c91bf7dc20, 1, 1;
L_000001c91bf713d0 .reduce/and L_000001c91bf75970;
L_000001c91bf72370 .part L_000001c91bf711f0, 31, 1;
S_000001c91be5b590 .scope module, "Control_Unit_Top" "Control_Unit_Top" 3 75, 5 4 0, S_000001c91be7d4f0;
 .timescale 0 0;
    .port_info 0 /INPUT 7 "Op";
    .port_info 1 /OUTPUT 1 "RegWrite";
    .port_info 2 /OUTPUT 2 "ImmSrc";
    .port_info 3 /OUTPUT 1 "ALUSrc";
    .port_info 4 /OUTPUT 1 "MemWrite";
    .port_info 5 /OUTPUT 1 "ResultSrc";
    .port_info 6 /OUTPUT 1 "Branch";
    .port_info 7 /INPUT 3 "funct3";
    .port_info 8 /INPUT 7 "funct7";
    .port_info 9 /OUTPUT 3 "ALUControl";
v000001c91bf08f80_0 .net "ALUControl", 2 0, L_000001c91bf7dc20;  alias, 1 drivers
v000001c91bf09d40_0 .net "ALUOp", 1 0, L_000001c91bf722d0;  1 drivers
v000001c91bf09de0_0 .net "ALUSrc", 0 0, L_000001c91bf71150;  alias, 1 drivers
v000001c91bf0a4f0_0 .net "Branch", 0 0, L_000001c91bf72050;  1 drivers
v000001c91bf0adb0_0 .net "ImmSrc", 1 0, L_000001c91bf71e70;  alias, 1 drivers
v000001c91bf0abd0_0 .net "MemWrite", 0 0, L_000001c91bf71a10;  alias, 1 drivers
v000001c91bf0a590_0 .net "Op", 6 0, L_000001c91bf7dd60;  1 drivers
v000001c91bf0bc10_0 .net "RegWrite", 0 0, L_000001c91bf71c90;  alias, 1 drivers
v000001c91bf0af90_0 .net "ResultSrc", 0 0, L_000001c91bf71510;  alias, 1 drivers
v000001c91bf0a630_0 .net "funct3", 2 0, L_000001c91bf7cbe0;  1 drivers
v000001c91bf0aef0_0 .net "funct7", 6 0, L_000001c91bf7df40;  1 drivers
S_000001c91be0dd50 .scope module, "ALU_Decoder" "ALU_Decoder" 5 25, 6 1 0, S_000001c91be5b590;
 .timescale 0 0;
    .port_info 0 /INPUT 2 "ALUOp";
    .port_info 1 /INPUT 3 "funct3";
    .port_info 2 /INPUT 7 "funct7";
    .port_info 3 /INPUT 7 "op";
    .port_info 4 /OUTPUT 3 "ALUControl";
L_000001c91bf75eb0 .functor AND 1, L_000001c91bf72870, L_000001c91bf716f0, C4<1>, C4<1>;
L_000001c91bf75c80 .functor AND 1, L_000001c91bf75eb0, L_000001c91bf71ab0, C4<1>, C4<1>;
L_000001c91bf75e40 .functor AND 1, L_000001c91bf70890, L_000001c91bf71dd0, C4<1>, C4<1>;
L_000001c91bf75cf0 .functor AND 1, L_000001c91bf75e40, L_000001c91bf71b50, C4<1>, C4<1>;
L_000001c91bf75f20 .functor AND 1, L_000001c91bf72690, L_000001c91bf701b0, C4<1>, C4<1>;
L_000001c91bf75f90 .functor AND 1, L_000001c91bf70d90, L_000001c91bf704d0, C4<1>, C4<1>;
L_000001c91bf75120 .functor AND 1, L_000001c91bf70b10, L_000001c91bf70570, C4<1>, C4<1>;
v000001c91bf05aa0_0 .net "ALUControl", 2 0, L_000001c91bf7dc20;  alias, 1 drivers
v000001c91bf05be0_0 .net "ALUOp", 1 0, L_000001c91bf722d0;  alias, 1 drivers
L_000001c91bf18dd0 .functor BUFT 1, C4<00>, C4<0>, C4<0>, C4<0>;
v000001c91bf04d80_0 .net/2u *"_ivl_0", 1 0, L_000001c91bf18dd0;  1 drivers
L_000001c91bf18ea8 .functor BUFT 1, C4<001>, C4<0>, C4<0>, C4<0>;
v000001c91bf05c80_0 .net/2u *"_ivl_10", 2 0, L_000001c91bf18ea8;  1 drivers
v000001c91bf049c0_0 .net *"_ivl_100", 2 0, L_000001c91bf70c50;  1 drivers
v000001c91bf04a60_0 .net *"_ivl_102", 2 0, L_000001c91bf70cf0;  1 drivers
v000001c91bf04b00_0 .net *"_ivl_104", 2 0, L_000001c91bf70e30;  1 drivers
v000001c91bf04ba0_0 .net *"_ivl_106", 2 0, L_000001c91bf70ed0;  1 drivers
v000001c91bf04c40_0 .net *"_ivl_108", 2 0, L_000001c91bf70f70;  1 drivers
L_000001c91bf18ef0 .functor BUFT 1, C4<10>, C4<0>, C4<0>, C4<0>;
v000001c91bf04e20_0 .net/2u *"_ivl_12", 1 0, L_000001c91bf18ef0;  1 drivers
v000001c91bf04ec0_0 .net *"_ivl_14", 0 0, L_000001c91bf72870;  1 drivers
L_000001c91bf18f38 .functor BUFT 1, C4<000>, C4<0>, C4<0>, C4<0>;
v000001c91bf04f60_0 .net/2u *"_ivl_16", 2 0, L_000001c91bf18f38;  1 drivers
v000001c91bf050a0_0 .net *"_ivl_18", 0 0, L_000001c91bf716f0;  1 drivers
v000001c91bf07290_0 .net *"_ivl_2", 0 0, L_000001c91bf706b0;  1 drivers
v000001c91bf06c50_0 .net *"_ivl_20", 0 0, L_000001c91bf75eb0;  1 drivers
v000001c91bf07830_0 .net *"_ivl_23", 0 0, L_000001c91bf71970;  1 drivers
v000001c91bf06cf0_0 .net *"_ivl_25", 0 0, L_000001c91bf709d0;  1 drivers
v000001c91bf06250_0 .net *"_ivl_26", 1 0, L_000001c91bf720f0;  1 drivers
L_000001c91bf18f80 .functor BUFT 1, C4<11>, C4<0>, C4<0>, C4<0>;
v000001c91bf07b50_0 .net/2u *"_ivl_28", 1 0, L_000001c91bf18f80;  1 drivers
v000001c91bf06110_0 .net *"_ivl_30", 0 0, L_000001c91bf71ab0;  1 drivers
v000001c91bf06390_0 .net *"_ivl_32", 0 0, L_000001c91bf75c80;  1 drivers
L_000001c91bf18fc8 .functor BUFT 1, C4<001>, C4<0>, C4<0>, C4<0>;
v000001c91bf07510_0 .net/2u *"_ivl_34", 2 0, L_000001c91bf18fc8;  1 drivers
L_000001c91bf19010 .functor BUFT 1, C4<10>, C4<0>, C4<0>, C4<0>;
v000001c91bf07790_0 .net/2u *"_ivl_36", 1 0, L_000001c91bf19010;  1 drivers
v000001c91bf07c90_0 .net *"_ivl_38", 0 0, L_000001c91bf70890;  1 drivers
L_000001c91bf18e18 .functor BUFT 1, C4<000>, C4<0>, C4<0>, C4<0>;
v000001c91bf06d90_0 .net/2u *"_ivl_4", 2 0, L_000001c91bf18e18;  1 drivers
L_000001c91bf19058 .functor BUFT 1, C4<000>, C4<0>, C4<0>, C4<0>;
v000001c91bf06610_0 .net/2u *"_ivl_40", 2 0, L_000001c91bf19058;  1 drivers
v000001c91bf06e30_0 .net *"_ivl_42", 0 0, L_000001c91bf71dd0;  1 drivers
v000001c91bf07d30_0 .net *"_ivl_44", 0 0, L_000001c91bf75e40;  1 drivers
v000001c91bf071f0_0 .net *"_ivl_47", 0 0, L_000001c91bf725f0;  1 drivers
v000001c91bf07330_0 .net *"_ivl_49", 0 0, L_000001c91bf72730;  1 drivers
v000001c91bf064d0_0 .net *"_ivl_50", 1 0, L_000001c91bf70a70;  1 drivers
L_000001c91bf190a0 .functor BUFT 1, C4<11>, C4<0>, C4<0>, C4<0>;
v000001c91bf078d0_0 .net/2u *"_ivl_52", 1 0, L_000001c91bf190a0;  1 drivers
v000001c91bf06ed0_0 .net *"_ivl_54", 0 0, L_000001c91bf71b50;  1 drivers
v000001c91bf066b0_0 .net *"_ivl_56", 0 0, L_000001c91bf75cf0;  1 drivers
L_000001c91bf190e8 .functor BUFT 1, C4<000>, C4<0>, C4<0>, C4<0>;
v000001c91bf07e70_0 .net/2u *"_ivl_58", 2 0, L_000001c91bf190e8;  1 drivers
L_000001c91bf18e60 .functor BUFT 1, C4<01>, C4<0>, C4<0>, C4<0>;
v000001c91bf062f0_0 .net/2u *"_ivl_6", 1 0, L_000001c91bf18e60;  1 drivers
L_000001c91bf19130 .functor BUFT 1, C4<10>, C4<0>, C4<0>, C4<0>;
v000001c91bf07a10_0 .net/2u *"_ivl_60", 1 0, L_000001c91bf19130;  1 drivers
v000001c91bf07010_0 .net *"_ivl_62", 0 0, L_000001c91bf72690;  1 drivers
L_000001c91bf19178 .functor BUFT 1, C4<010>, C4<0>, C4<0>, C4<0>;
v000001c91bf07bf0_0 .net/2u *"_ivl_64", 2 0, L_000001c91bf19178;  1 drivers
v000001c91bf06430_0 .net *"_ivl_66", 0 0, L_000001c91bf701b0;  1 drivers
v000001c91bf06bb0_0 .net *"_ivl_68", 0 0, L_000001c91bf75f20;  1 drivers
L_000001c91bf191c0 .functor BUFT 1, C4<101>, C4<0>, C4<0>, C4<0>;
v000001c91bf06570_0 .net/2u *"_ivl_70", 2 0, L_000001c91bf191c0;  1 drivers
L_000001c91bf19208 .functor BUFT 1, C4<10>, C4<0>, C4<0>, C4<0>;
v000001c91bf06750_0 .net/2u *"_ivl_72", 1 0, L_000001c91bf19208;  1 drivers
v000001c91bf07150_0 .net *"_ivl_74", 0 0, L_000001c91bf70d90;  1 drivers
L_000001c91bf19250 .functor BUFT 1, C4<110>, C4<0>, C4<0>, C4<0>;
v000001c91bf070b0_0 .net/2u *"_ivl_76", 2 0, L_000001c91bf19250;  1 drivers
v000001c91bf073d0_0 .net *"_ivl_78", 0 0, L_000001c91bf704d0;  1 drivers
v000001c91bf07970_0 .net *"_ivl_8", 0 0, L_000001c91bf70430;  1 drivers
v000001c91bf06f70_0 .net *"_ivl_80", 0 0, L_000001c91bf75f90;  1 drivers
L_000001c91bf19298 .functor BUFT 1, C4<011>, C4<0>, C4<0>, C4<0>;
v000001c91bf07470_0 .net/2u *"_ivl_82", 2 0, L_000001c91bf19298;  1 drivers
L_000001c91bf192e0 .functor BUFT 1, C4<10>, C4<0>, C4<0>, C4<0>;
v000001c91bf07f10_0 .net/2u *"_ivl_84", 1 0, L_000001c91bf192e0;  1 drivers
v000001c91bf075b0_0 .net *"_ivl_86", 0 0, L_000001c91bf70b10;  1 drivers
L_000001c91bf19328 .functor BUFT 1, C4<111>, C4<0>, C4<0>, C4<0>;
v000001c91bf07650_0 .net/2u *"_ivl_88", 2 0, L_000001c91bf19328;  1 drivers
v000001c91bf07ab0_0 .net *"_ivl_90", 0 0, L_000001c91bf70570;  1 drivers
v000001c91bf06070_0 .net *"_ivl_92", 0 0, L_000001c91bf75120;  1 drivers
L_000001c91bf19370 .functor BUFT 1, C4<010>, C4<0>, C4<0>, C4<0>;
v000001c91bf076f0_0 .net/2u *"_ivl_94", 2 0, L_000001c91bf19370;  1 drivers
L_000001c91bf193b8 .functor BUFT 1, C4<000>, C4<0>, C4<0>, C4<0>;
v000001c91bf07dd0_0 .net/2u *"_ivl_96", 2 0, L_000001c91bf193b8;  1 drivers
v000001c91bf067f0_0 .net *"_ivl_98", 2 0, L_000001c91bf70bb0;  1 drivers
v000001c91bf06890_0 .net "funct3", 2 0, L_000001c91bf7cbe0;  alias, 1 drivers
v000001c91bf06930_0 .net "funct7", 6 0, L_000001c91bf7df40;  alias, 1 drivers
v000001c91bf061b0_0 .net "op", 6 0, L_000001c91bf7dd60;  alias, 1 drivers
L_000001c91bf706b0 .cmp/eq 2, L_000001c91bf722d0, L_000001c91bf18dd0;
L_000001c91bf70430 .cmp/eq 2, L_000001c91bf722d0, L_000001c91bf18e60;
L_000001c91bf72870 .cmp/eq 2, L_000001c91bf722d0, L_000001c91bf18ef0;
L_000001c91bf716f0 .cmp/eq 3, L_000001c91bf7cbe0, L_000001c91bf18f38;
L_000001c91bf71970 .part L_000001c91bf7dd60, 5, 1;
L_000001c91bf709d0 .part L_000001c91bf7df40, 5, 1;
L_000001c91bf720f0 .concat [ 1 1 0 0], L_000001c91bf709d0, L_000001c91bf71970;
L_000001c91bf71ab0 .cmp/eq 2, L_000001c91bf720f0, L_000001c91bf18f80;
L_000001c91bf70890 .cmp/eq 2, L_000001c91bf722d0, L_000001c91bf19010;
L_000001c91bf71dd0 .cmp/eq 3, L_000001c91bf7cbe0, L_000001c91bf19058;
L_000001c91bf725f0 .part L_000001c91bf7dd60, 5, 1;
L_000001c91bf72730 .part L_000001c91bf7df40, 5, 1;
L_000001c91bf70a70 .concat [ 1 1 0 0], L_000001c91bf72730, L_000001c91bf725f0;
L_000001c91bf71b50 .cmp/ne 2, L_000001c91bf70a70, L_000001c91bf190a0;
L_000001c91bf72690 .cmp/eq 2, L_000001c91bf722d0, L_000001c91bf19130;
L_000001c91bf701b0 .cmp/eq 3, L_000001c91bf7cbe0, L_000001c91bf19178;
L_000001c91bf70d90 .cmp/eq 2, L_000001c91bf722d0, L_000001c91bf19208;
L_000001c91bf704d0 .cmp/eq 3, L_000001c91bf7cbe0, L_000001c91bf19250;
L_000001c91bf70b10 .cmp/eq 2, L_000001c91bf722d0, L_000001c91bf192e0;
L_000001c91bf70570 .cmp/eq 3, L_000001c91bf7cbe0, L_000001c91bf19328;
L_000001c91bf70bb0 .functor MUXZ 3, L_000001c91bf193b8, L_000001c91bf19370, L_000001c91bf75120, C4<>;
L_000001c91bf70c50 .functor MUXZ 3, L_000001c91bf70bb0, L_000001c91bf19298, L_000001c91bf75f90, C4<>;
L_000001c91bf70cf0 .functor MUXZ 3, L_000001c91bf70c50, L_000001c91bf191c0, L_000001c91bf75f20, C4<>;
L_000001c91bf70e30 .functor MUXZ 3, L_000001c91bf70cf0, L_000001c91bf190e8, L_000001c91bf75cf0, C4<>;
L_000001c91bf70ed0 .functor MUXZ 3, L_000001c91bf70e30, L_000001c91bf18fc8, L_000001c91bf75c80, C4<>;
L_000001c91bf70f70 .functor MUXZ 3, L_000001c91bf70ed0, L_000001c91bf18ea8, L_000001c91bf70430, C4<>;
L_000001c91bf7dc20 .functor MUXZ 3, L_000001c91bf70f70, L_000001c91bf18e18, L_000001c91bf706b0, C4<>;
S_000001c91be22ca0 .scope module, "Main_Decoder" "Main_Decoder" 5 14, 7 1 0, S_000001c91be5b590;
 .timescale 0 0;
    .port_info 0 /INPUT 7 "Op";
    .port_info 1 /OUTPUT 1 "RegWrite";
    .port_info 2 /OUTPUT 2 "ImmSrc";
    .port_info 3 /OUTPUT 1 "ALUSrc";
    .port_info 4 /OUTPUT 1 "MemWrite";
    .port_info 5 /OUTPUT 1 "ResultSrc";
    .port_info 6 /OUTPUT 1 "Branch";
    .port_info 7 /OUTPUT 2 "ALUOp";
L_000001c91bf75b30 .functor OR 1, L_000001c91bf707f0, L_000001c91bf727d0, C4<0>, C4<0>;
L_000001c91bf75ba0 .functor OR 1, L_000001c91bf71470, L_000001c91bf70750, C4<0>, C4<0>;
v000001c91bf069d0_0 .net "ALUOp", 1 0, L_000001c91bf722d0;  alias, 1 drivers
v000001c91bf06a70_0 .net "ALUSrc", 0 0, L_000001c91bf71150;  alias, 1 drivers
v000001c91bf06b10_0 .net "Branch", 0 0, L_000001c91bf72050;  alias, 1 drivers
v000001c91bf098e0_0 .net "ImmSrc", 1 0, L_000001c91bf71e70;  alias, 1 drivers
v000001c91bf09b60_0 .net "MemWrite", 0 0, L_000001c91bf71a10;  alias, 1 drivers
v000001c91bf093e0_0 .net "Op", 6 0, L_000001c91bf7dd60;  alias, 1 drivers
v000001c91bf09020_0 .net "RegWrite", 0 0, L_000001c91bf71c90;  alias, 1 drivers
v000001c91bf097a0_0 .net "ResultSrc", 0 0, L_000001c91bf71510;  alias, 1 drivers
L_000001c91bf18638 .functor BUFT 1, C4<0000011>, C4<0>, C4<0>, C4<0>;
v000001c91bf09480_0 .net/2u *"_ivl_0", 6 0, L_000001c91bf18638;  1 drivers
L_000001c91bf186c8 .functor BUFT 1, C4<1>, C4<0>, C4<0>, C4<0>;
v000001c91bf09340_0 .net/2u *"_ivl_10", 0 0, L_000001c91bf186c8;  1 drivers
L_000001c91bf18710 .functor BUFT 1, C4<0>, C4<0>, C4<0>, C4<0>;
v000001c91bf08bc0_0 .net/2u *"_ivl_12", 0 0, L_000001c91bf18710;  1 drivers
L_000001c91bf18758 .functor BUFT 1, C4<0100011>, C4<0>, C4<0>, C4<0>;
v000001c91bf088a0_0 .net/2u *"_ivl_16", 6 0, L_000001c91bf18758;  1 drivers
v000001c91bf08620_0 .net *"_ivl_18", 0 0, L_000001c91bf71fb0;  1 drivers
v000001c91bf089e0_0 .net *"_ivl_2", 0 0, L_000001c91bf707f0;  1 drivers
L_000001c91bf187a0 .functor BUFT 1, C4<01>, C4<0>, C4<0>, C4<0>;
v000001c91bf09c00_0 .net/2u *"_ivl_20", 1 0, L_000001c91bf187a0;  1 drivers
L_000001c91bf187e8 .functor BUFT 1, C4<1100011>, C4<0>, C4<0>, C4<0>;
v000001c91bf08800_0 .net/2u *"_ivl_22", 6 0, L_000001c91bf187e8;  1 drivers
v000001c91bf081c0_0 .net *"_ivl_24", 0 0, L_000001c91bf710b0;  1 drivers
L_000001c91bf18830 .functor BUFT 1, C4<10>, C4<0>, C4<0>, C4<0>;
v000001c91bf09520_0 .net/2u *"_ivl_26", 1 0, L_000001c91bf18830;  1 drivers
L_000001c91bf18878 .functor BUFT 1, C4<00>, C4<0>, C4<0>, C4<0>;
v000001c91bf083a0_0 .net/2u *"_ivl_28", 1 0, L_000001c91bf18878;  1 drivers
v000001c91bf08080_0 .net *"_ivl_30", 1 0, L_000001c91bf71830;  1 drivers
L_000001c91bf188c0 .functor BUFT 1, C4<0000011>, C4<0>, C4<0>, C4<0>;
v000001c91bf09e80_0 .net/2u *"_ivl_34", 6 0, L_000001c91bf188c0;  1 drivers
v000001c91bf09160_0 .net *"_ivl_36", 0 0, L_000001c91bf71470;  1 drivers
L_000001c91bf18908 .functor BUFT 1, C4<0100011>, C4<0>, C4<0>, C4<0>;
v000001c91bf09ac0_0 .net/2u *"_ivl_38", 6 0, L_000001c91bf18908;  1 drivers
L_000001c91bf18680 .functor BUFT 1, C4<0110011>, C4<0>, C4<0>, C4<0>;
v000001c91bf08760_0 .net/2u *"_ivl_4", 6 0, L_000001c91bf18680;  1 drivers
v000001c91bf08120_0 .net *"_ivl_40", 0 0, L_000001c91bf70750;  1 drivers
v000001c91bf08260_0 .net *"_ivl_42", 0 0, L_000001c91bf75ba0;  1 drivers
L_000001c91bf18950 .functor BUFT 1, C4<1>, C4<0>, C4<0>, C4<0>;
v000001c91bf090c0_0 .net/2u *"_ivl_44", 0 0, L_000001c91bf18950;  1 drivers
L_000001c91bf18998 .functor BUFT 1, C4<0>, C4<0>, C4<0>, C4<0>;
v000001c91bf08300_0 .net/2u *"_ivl_46", 0 0, L_000001c91bf18998;  1 drivers
L_000001c91bf189e0 .functor BUFT 1, C4<0100011>, C4<0>, C4<0>, C4<0>;
v000001c91bf086c0_0 .net/2u *"_ivl_50", 6 0, L_000001c91bf189e0;  1 drivers
v000001c91bf08440_0 .net *"_ivl_52", 0 0, L_000001c91bf724b0;  1 drivers
L_000001c91bf18a28 .functor BUFT 1, C4<1>, C4<0>, C4<0>, C4<0>;
v000001c91bf08b20_0 .net/2u *"_ivl_54", 0 0, L_000001c91bf18a28;  1 drivers
L_000001c91bf18a70 .functor BUFT 1, C4<0>, C4<0>, C4<0>, C4<0>;
v000001c91bf09f20_0 .net/2u *"_ivl_56", 0 0, L_000001c91bf18a70;  1 drivers
v000001c91bf095c0_0 .net *"_ivl_6", 0 0, L_000001c91bf727d0;  1 drivers
L_000001c91bf18ab8 .functor BUFT 1, C4<0000011>, C4<0>, C4<0>, C4<0>;
v000001c91bf09660_0 .net/2u *"_ivl_60", 6 0, L_000001c91bf18ab8;  1 drivers
v000001c91bf09700_0 .net *"_ivl_62", 0 0, L_000001c91bf72550;  1 drivers
L_000001c91bf18b00 .functor BUFT 1, C4<1>, C4<0>, C4<0>, C4<0>;
v000001c91bf09840_0 .net/2u *"_ivl_64", 0 0, L_000001c91bf18b00;  1 drivers
L_000001c91bf18b48 .functor BUFT 1, C4<0>, C4<0>, C4<0>, C4<0>;
v000001c91bf09980_0 .net/2u *"_ivl_66", 0 0, L_000001c91bf18b48;  1 drivers
L_000001c91bf18b90 .functor BUFT 1, C4<1100011>, C4<0>, C4<0>, C4<0>;
v000001c91bf08940_0 .net/2u *"_ivl_70", 6 0, L_000001c91bf18b90;  1 drivers
v000001c91bf09a20_0 .net *"_ivl_72", 0 0, L_000001c91bf718d0;  1 drivers
L_000001c91bf18bd8 .functor BUFT 1, C4<1>, C4<0>, C4<0>, C4<0>;
v000001c91bf084e0_0 .net/2u *"_ivl_74", 0 0, L_000001c91bf18bd8;  1 drivers
L_000001c91bf18c20 .functor BUFT 1, C4<0>, C4<0>, C4<0>, C4<0>;
v000001c91bf08d00_0 .net/2u *"_ivl_76", 0 0, L_000001c91bf18c20;  1 drivers
v000001c91bf08a80_0 .net *"_ivl_8", 0 0, L_000001c91bf75b30;  1 drivers
L_000001c91bf18c68 .functor BUFT 1, C4<0110011>, C4<0>, C4<0>, C4<0>;
v000001c91bf09200_0 .net/2u *"_ivl_80", 6 0, L_000001c91bf18c68;  1 drivers
v000001c91bf08e40_0 .net *"_ivl_82", 0 0, L_000001c91bf715b0;  1 drivers
L_000001c91bf18cb0 .functor BUFT 1, C4<10>, C4<0>, C4<0>, C4<0>;
v000001c91bf08c60_0 .net/2u *"_ivl_84", 1 0, L_000001c91bf18cb0;  1 drivers
L_000001c91bf18cf8 .functor BUFT 1, C4<1100011>, C4<0>, C4<0>, C4<0>;
v000001c91bf092a0_0 .net/2u *"_ivl_86", 6 0, L_000001c91bf18cf8;  1 drivers
v000001c91bf08da0_0 .net *"_ivl_88", 0 0, L_000001c91bf71650;  1 drivers
L_000001c91bf18d40 .functor BUFT 1, C4<01>, C4<0>, C4<0>, C4<0>;
v000001c91bf08ee0_0 .net/2u *"_ivl_90", 1 0, L_000001c91bf18d40;  1 drivers
L_000001c91bf18d88 .functor BUFT 1, C4<00>, C4<0>, C4<0>, C4<0>;
v000001c91bf08580_0 .net/2u *"_ivl_92", 1 0, L_000001c91bf18d88;  1 drivers
v000001c91bf09ca0_0 .net *"_ivl_94", 1 0, L_000001c91bf71d30;  1 drivers
L_000001c91bf707f0 .cmp/eq 7, L_000001c91bf7dd60, L_000001c91bf18638;
L_000001c91bf727d0 .cmp/eq 7, L_000001c91bf7dd60, L_000001c91bf18680;
L_000001c91bf71c90 .functor MUXZ 1, L_000001c91bf18710, L_000001c91bf186c8, L_000001c91bf75b30, C4<>;
L_000001c91bf71fb0 .cmp/eq 7, L_000001c91bf7dd60, L_000001c91bf18758;
L_000001c91bf710b0 .cmp/eq 7, L_000001c91bf7dd60, L_000001c91bf187e8;
L_000001c91bf71830 .functor MUXZ 2, L_000001c91bf18878, L_000001c91bf18830, L_000001c91bf710b0, C4<>;
L_000001c91bf71e70 .functor MUXZ 2, L_000001c91bf71830, L_000001c91bf187a0, L_000001c91bf71fb0, C4<>;
L_000001c91bf71470 .cmp/eq 7, L_000001c91bf7dd60, L_000001c91bf188c0;
L_000001c91bf70750 .cmp/eq 7, L_000001c91bf7dd60, L_000001c91bf18908;
L_000001c91bf71150 .functor MUXZ 1, L_000001c91bf18998, L_000001c91bf18950, L_000001c91bf75ba0, C4<>;
L_000001c91bf724b0 .cmp/eq 7, L_000001c91bf7dd60, L_000001c91bf189e0;
L_000001c91bf71a10 .functor MUXZ 1, L_000001c91bf18a70, L_000001c91bf18a28, L_000001c91bf724b0, C4<>;
L_000001c91bf72550 .cmp/eq 7, L_000001c91bf7dd60, L_000001c91bf18ab8;
L_000001c91bf71510 .functor MUXZ 1, L_000001c91bf18b48, L_000001c91bf18b00, L_000001c91bf72550, C4<>;
L_000001c91bf718d0 .cmp/eq 7, L_000001c91bf7dd60, L_000001c91bf18b90;
L_000001c91bf72050 .functor MUXZ 1, L_000001c91bf18c20, L_000001c91bf18bd8, L_000001c91bf718d0, C4<>;
L_000001c91bf715b0 .cmp/eq 7, L_000001c91bf7dd60, L_000001c91bf18c68;
L_000001c91bf71650 .cmp/eq 7, L_000001c91bf7dd60, L_000001c91bf18cf8;
L_000001c91bf71d30 .functor MUXZ 2, L_000001c91bf18d88, L_000001c91bf18d40, L_000001c91bf71650, C4<>;
L_000001c91bf722d0 .functor MUXZ 2, L_000001c91bf71d30, L_000001c91bf18cb0, L_000001c91bf715b0, C4<>;
S_000001c91be68460 .scope module, "Data_Memory" "Data_Memory" 3 88, 8 1 0, S_000001c91be7d4f0;
 .timescale 0 0;
    .port_info 0 /INPUT 1 "clk";
    .port_info 1 /INPUT 1 "rst";
    .port_info 2 /INPUT 1 "WE";
    .port_info 3 /INPUT 32 "WD";
    .port_info 4 /INPUT 32 "A";
    .port_info 5 /OUTPUT 32 "RD";
L_000001c91bf75190 .functor NOT 1, v000001c91bf0c460_0, C4<0>, C4<0>, C4<0>;
v000001c91bf0bcb0_0 .net "A", 31 0, L_000001c91bf711f0;  alias, 1 drivers
v000001c91bf0bdf0_0 .net "RD", 31 0, L_000001c91bf7c960;  alias, 1 drivers
v000001c91bf0a450_0 .net "WD", 31 0, L_000001c91bf72af0;  alias, 1 drivers
v000001c91bf0a770_0 .net "WE", 0 0, L_000001c91bf71a10;  alias, 1 drivers
v000001c91bf0b170_0 .net *"_ivl_0", 0 0, L_000001c91bf75190;  1 drivers
L_000001c91bf19400 .functor BUFT 1, C4<00000000000000000000000000000000>, C4<0>, C4<0>, C4<0>;
v000001c91bf0ae50_0 .net/2u *"_ivl_2", 31 0, L_000001c91bf19400;  1 drivers
v000001c91bf0b990_0 .net *"_ivl_4", 31 0, L_000001c91bf7cdc0;  1 drivers
v000001c91bf0b210_0 .net "clk", 0 0, v000001c91bf0c3c0_0;  alias, 1 drivers
v000001c91bf0b030 .array "mem", 0 1023, 31 0;
v000001c91bf0bf30_0 .net "rst", 0 0, v000001c91bf0c460_0;  alias, 1 drivers
E_000001c91be9e700 .event posedge, v000001c91bf0b210_0;
L_000001c91bf7cdc0 .array/port v000001c91bf0b030, L_000001c91bf711f0;
L_000001c91bf7c960 .functor MUXZ 32, L_000001c91bf7cdc0, L_000001c91bf19400, L_000001c91bf75190, C4<>;
S_000001c91be685f0 .scope module, "Instruction_Memory" "Instruction_Memory" 3 33, 9 1 0, S_000001c91be7d4f0;
 .timescale 0 0;
    .port_info 0 /INPUT 1 "rst";
    .port_info 1 /INPUT 32 "A";
    .port_info 2 /OUTPUT 32 "RD";
L_000001c91be7f6d0 .functor NOT 1, v000001c91bf0c460_0, C4<0>, C4<0>, C4<0>;
v000001c91bf0ad10_0 .net "A", 31 0, v000001c91bf0a810_0;  alias, 1 drivers
v000001c91bf0ba30_0 .net "RD", 31 0, L_000001c91bf73810;  alias, 1 drivers
v000001c91bf0b490_0 .net *"_ivl_0", 0 0, L_000001c91be7f6d0;  1 drivers
L_000001c91bf180e0 .functor BUFT 1, C4<00000000000000000000000000000000>, C4<0>, C4<0>, C4<0>;
v000001c91bf0a6d0_0 .net/2u *"_ivl_2", 31 0, L_000001c91bf180e0;  1 drivers
v000001c91bf0bd50_0 .net *"_ivl_4", 31 0, L_000001c91bf0caa0;  1 drivers
v000001c91bf0b0d0_0 .net *"_ivl_7", 29 0, L_000001c91bf738b0;  1 drivers
v000001c91bf0bad0 .array "mem", 1023 0, 31 0;
v000001c91bf0b530_0 .net "rst", 0 0, v000001c91bf0c460_0;  alias, 1 drivers
L_000001c91bf0caa0 .array/port v000001c91bf0bad0, L_000001c91bf738b0;
L_000001c91bf738b0 .part v000001c91bf0a810_0, 2, 30;
L_000001c91bf73810 .functor MUXZ 32, L_000001c91bf0caa0, L_000001c91bf180e0, L_000001c91be7f6d0, C4<>;
S_000001c91be56040 .scope module, "Mux_DataMemory_to_Register" "Mux" 3 97, 10 1 0, S_000001c91be7d4f0;
 .timescale 0 0;
    .port_info 0 /INPUT 32 "a";
    .port_info 1 /INPUT 32 "b";
    .port_info 2 /INPUT 1 "s";
    .port_info 3 /OUTPUT 32 "c";
L_000001c91bf75270 .functor NOT 1, L_000001c91bf71510, C4<0>, C4<0>, C4<0>;
v000001c91bf0b2b0_0 .net *"_ivl_0", 0 0, L_000001c91bf75270;  1 drivers
v000001c91bf0ac70_0 .net "a", 31 0, L_000001c91bf711f0;  alias, 1 drivers
v000001c91bf0b350_0 .net "b", 31 0, L_000001c91bf7c960;  alias, 1 drivers
v000001c91bf0b3f0_0 .net "c", 31 0, L_000001c91bf7caa0;  alias, 1 drivers
v000001c91bf0b5d0_0 .net "s", 0 0, L_000001c91bf71510;  alias, 1 drivers
L_000001c91bf7caa0 .functor MUXZ 32, L_000001c91bf7c960, L_000001c91bf711f0, L_000001c91bf75270, C4<>;
S_000001c91be561d0 .scope module, "Mux_Register_to_ALU" "Mux" 3 57, 10 1 0, S_000001c91be7d4f0;
 .timescale 0 0;
    .port_info 0 /INPUT 32 "a";
    .port_info 1 /INPUT 32 "b";
    .port_info 2 /INPUT 1 "s";
    .port_info 3 /OUTPUT 32 "c";
L_000001c91bf75740 .functor NOT 1, L_000001c91bf71150, C4<0>, C4<0>, C4<0>;
v000001c91bf0b670_0 .net *"_ivl_0", 0 0, L_000001c91bf75740;  1 drivers
v000001c91bf0b710_0 .net "a", 31 0, L_000001c91bf72af0;  alias, 1 drivers
v000001c91bf0a9f0_0 .net "b", 31 0, L_000001c91bf72910;  alias, 1 drivers
v000001c91bf0ab30_0 .net "c", 31 0, L_000001c91bf73d10;  alias, 1 drivers
v000001c91bf0b7b0_0 .net "s", 0 0, L_000001c91bf71150;  alias, 1 drivers
L_000001c91bf73d10 .functor MUXZ 32, L_000001c91bf72910, L_000001c91bf72af0, L_000001c91bf75740, C4<>;
S_000001c91be6faa0 .scope module, "PC" "PC_Module" 3 20, 11 1 0, S_000001c91be7d4f0;
 .timescale 0 0;
    .port_info 0 /INPUT 1 "clk";
    .port_info 1 /INPUT 1 "rst";
    .port_info 2 /OUTPUT 32 "PC";
    .port_info 3 /INPUT 32 "PC_Next";
v000001c91bf0a810_0 .var "PC", 31 0;
v000001c91bf0b850_0 .net "PC_Next", 31 0, L_000001c91bf0ca00;  alias, 1 drivers
v000001c91bf0be90_0 .net "clk", 0 0, v000001c91bf0c3c0_0;  alias, 1 drivers
v000001c91bf0a270_0 .net "rst", 0 0, v000001c91bf0c460_0;  alias, 1 drivers
S_000001c91be6fc30 .scope module, "PC_Adder" "PC_Adder" 3 27, 12 1 0, S_000001c91be7d4f0;
 .timescale 0 0;
    .port_info 0 /INPUT 32 "a";
    .port_info 1 /INPUT 32 "b";
    .port_info 2 /OUTPUT 32 "c";
v000001c91bf0a090_0 .net "a", 31 0, v000001c91bf0a810_0;  alias, 1 drivers
L_000001c91bf18098 .functor BUFT 1, C4<00000000000000000000000000000100>, C4<0>, C4<0>, C4<0>;
v000001c91bf0b8f0_0 .net "b", 31 0, L_000001c91bf18098;  1 drivers
v000001c91bf0a8b0_0 .net "c", 31 0, L_000001c91bf0ca00;  alias, 1 drivers
L_000001c91bf0ca00 .arith/sum 32, v000001c91bf0a810_0, L_000001c91bf18098;
S_000001c91be6cf40 .scope module, "Register_File" "Register_File" 3 39, 13 1 0, S_000001c91be7d4f0;
 .timescale 0 0;
    .port_info 0 /INPUT 1 "clk";
    .port_info 1 /INPUT 1 "rst";
    .port_info 2 /INPUT 1 "WE3";
    .port_info 3 /INPUT 32 "WD3";
    .port_info 4 /INPUT 5 "A1";
    .port_info 5 /INPUT 5 "A2";
    .port_info 6 /INPUT 5 "A3";
    .port_info 7 /OUTPUT 32 "RD1";
    .port_info 8 /OUTPUT 32 "RD2";
L_000001c91be63500 .functor NOT 1, v000001c91bf0c460_0, C4<0>, C4<0>, C4<0>;
L_000001c91bf75350 .functor NOT 1, v000001c91bf0c460_0, C4<0>, C4<0>, C4<0>;
v000001c91bf0a130_0 .net "A1", 4 0, L_000001c91bf72b90;  1 drivers
v000001c91bf0a1d0_0 .net "A2", 4 0, L_000001c91bf73bd0;  1 drivers
v000001c91bf0a310_0 .net "A3", 4 0, L_000001c91bf72d70;  1 drivers
v000001c91bf0a3b0_0 .net "RD1", 31 0, L_000001c91bf733b0;  alias, 1 drivers
v000001c91bf0a950_0 .net "RD2", 31 0, L_000001c91bf72af0;  alias, 1 drivers
v000001c91bf0aa90 .array "Register", 0 31, 31 0;
v000001c91bf0cd20_0 .net "WD3", 31 0, L_000001c91bf7caa0;  alias, 1 drivers
v000001c91bf0c1e0_0 .net "WE3", 0 0, L_000001c91bf71c90;  alias, 1 drivers
v000001c91bf0c500_0 .net *"_ivl_0", 0 0, L_000001c91be63500;  1 drivers
v000001c91bf0df40_0 .net *"_ivl_12", 0 0, L_000001c91bf75350;  1 drivers
L_000001c91bf181b8 .functor BUFT 1, C4<00000000000000000000000000000000>, C4<0>, C4<0>, C4<0>;
v000001c91bf0c8c0_0 .net/2u *"_ivl_14", 31 0, L_000001c91bf181b8;  1 drivers
v000001c91bf0da40_0 .net *"_ivl_16", 31 0, L_000001c91bf731d0;  1 drivers
v000001c91bf0c280_0 .net *"_ivl_18", 6 0, L_000001c91bf736d0;  1 drivers
L_000001c91bf18128 .functor BUFT 1, C4<00000000000000000000000000000000>, C4<0>, C4<0>, C4<0>;
v000001c91bf0d0e0_0 .net/2u *"_ivl_2", 31 0, L_000001c91bf18128;  1 drivers
L_000001c91bf18200 .functor BUFT 1, C4<00>, C4<0>, C4<0>, C4<0>;
v000001c91bf0cf00_0 .net *"_ivl_21", 1 0, L_000001c91bf18200;  1 drivers
v000001c91bf0cb40_0 .net *"_ivl_4", 31 0, L_000001c91bf72ff0;  1 drivers
v000001c91bf0d2c0_0 .net *"_ivl_6", 6 0, L_000001c91bf73450;  1 drivers
L_000001c91bf18170 .functor BUFT 1, C4<00>, C4<0>, C4<0>, C4<0>;
v000001c91bf0cc80_0 .net *"_ivl_9", 1 0, L_000001c91bf18170;  1 drivers
v000001c91bf0cdc0_0 .net "clk", 0 0, v000001c91bf0c3c0_0;  alias, 1 drivers
v000001c91bf0c5a0_0 .net "rst", 0 0, v000001c91bf0c460_0;  alias, 1 drivers
L_000001c91bf72ff0 .array/port v000001c91bf0aa90, L_000001c91bf73450;
L_000001c91bf73450 .concat [ 5 2 0 0], L_000001c91bf72b90, L_000001c91bf18170;
L_000001c91bf733b0 .functor MUXZ 32, L_000001c91bf72ff0, L_000001c91bf18128, L_000001c91be63500, C4<>;
L_000001c91bf731d0 .array/port v000001c91bf0aa90, L_000001c91bf736d0;
L_000001c91bf736d0 .concat [ 5 2 0 0], L_000001c91bf73bd0, L_000001c91bf18200;
L_000001c91bf72af0 .functor MUXZ 32, L_000001c91bf731d0, L_000001c91bf181b8, L_000001c91bf75350, C4<>;
S_000001c91be6d0d0 .scope module, "Sign_Extend" "Sign_Extend" 3 51, 14 1 0, S_000001c91be7d4f0;
 .timescale 0 0;
    .port_info 0 /INPUT 32 "In";
    .port_info 1 /OUTPUT 32 "Imm_Ext";
    .port_info 2 /INPUT 1 "ImmSrc";
L_000001c91bf18248 .functor BUFT 1, C4<1>, C4<0>, C4<0>, C4<0>;
L_000001c91bf756d0 .functor XNOR 1, L_000001c91bf739f0, L_000001c91bf18248, C4<0>, C4<0>;
v000001c91bf0ce60_0 .net "ImmSrc", 0 0, L_000001c91bf739f0;  1 drivers
v000001c91bf0dc20_0 .net "Imm_Ext", 31 0, L_000001c91bf72910;  alias, 1 drivers
v000001c91bf0c960_0 .net "In", 31 0, L_000001c91bf73810;  alias, 1 drivers
v000001c91bf0cbe0_0 .net/2u *"_ivl_0", 0 0, L_000001c91bf18248;  1 drivers
v000001c91bf0d360_0 .net *"_ivl_11", 4 0, L_000001c91bf73a90;  1 drivers
v000001c91bf0cfa0_0 .net *"_ivl_12", 31 0, L_000001c91bf734f0;  1 drivers
v000001c91bf0dcc0_0 .net *"_ivl_15", 0 0, L_000001c91bf72f50;  1 drivers
v000001c91bf0c780_0 .net *"_ivl_16", 19 0, L_000001c91bf73950;  1 drivers
v000001c91bf0c820_0 .net *"_ivl_19", 11 0, L_000001c91bf73130;  1 drivers
v000001c91bf0dae0_0 .net *"_ivl_2", 0 0, L_000001c91bf756d0;  1 drivers
v000001c91bf0d7c0_0 .net *"_ivl_20", 31 0, L_000001c91bf73c70;  1 drivers
v000001c91bf0c640_0 .net *"_ivl_5", 0 0, L_000001c91bf73270;  1 drivers
v000001c91bf0dea0_0 .net *"_ivl_6", 19 0, L_000001c91bf729b0;  1 drivers
v000001c91bf0c320_0 .net *"_ivl_9", 6 0, L_000001c91bf73310;  1 drivers
L_000001c91bf73270 .part L_000001c91bf73810, 31, 1;
LS_000001c91bf729b0_0_0 .concat [ 1 1 1 1], L_000001c91bf73270, L_000001c91bf73270, L_000001c91bf73270, L_000001c91bf73270;
LS_000001c91bf729b0_0_4 .concat [ 1 1 1 1], L_000001c91bf73270, L_000001c91bf73270, L_000001c91bf73270, L_000001c91bf73270;
LS_000001c91bf729b0_0_8 .concat [ 1 1 1 1], L_000001c91bf73270, L_000001c91bf73270, L_000001c91bf73270, L_000001c91bf73270;
LS_000001c91bf729b0_0_12 .concat [ 1 1 1 1], L_000001c91bf73270, L_000001c91bf73270, L_000001c91bf73270, L_000001c91bf73270;
LS_000001c91bf729b0_0_16 .concat [ 1 1 1 1], L_000001c91bf73270, L_000001c91bf73270, L_000001c91bf73270, L_000001c91bf73270;
LS_000001c91bf729b0_1_0 .concat [ 4 4 4 4], LS_000001c91bf729b0_0_0, LS_000001c91bf729b0_0_4, LS_000001c91bf729b0_0_8, LS_000001c91bf729b0_0_12;
LS_000001c91bf729b0_1_4 .concat [ 4 0 0 0], LS_000001c91bf729b0_0_16;
L_000001c91bf729b0 .concat [ 16 4 0 0], LS_000001c91bf729b0_1_0, LS_000001c91bf729b0_1_4;
L_000001c91bf73310 .part L_000001c91bf73810, 25, 7;
L_000001c91bf73a90 .part L_000001c91bf73810, 7, 5;
L_000001c91bf734f0 .concat [ 5 7 20 0], L_000001c91bf73a90, L_000001c91bf73310, L_000001c91bf729b0;
L_000001c91bf72f50 .part L_000001c91bf73810, 31, 1;
LS_000001c91bf73950_0_0 .concat [ 1 1 1 1], L_000001c91bf72f50, L_000001c91bf72f50, L_000001c91bf72f50, L_000001c91bf72f50;
LS_000001c91bf73950_0_4 .concat [ 1 1 1 1], L_000001c91bf72f50, L_000001c91bf72f50, L_000001c91bf72f50, L_000001c91bf72f50;
LS_000001c91bf73950_0_8 .concat [ 1 1 1 1], L_000001c91bf72f50, L_000001c91bf72f50, L_000001c91bf72f50, L_000001c91bf72f50;
LS_000001c91bf73950_0_12 .concat [ 1 1 1 1], L_000001c91bf72f50, L_000001c91bf72f50, L_000001c91bf72f50, L_000001c91bf72f50;
LS_000001c91bf73950_0_16 .concat [ 1 1 1 1], L_000001c91bf72f50, L_000001c91bf72f50, L_000001c91bf72f50, L_000001c91bf72f50;
LS_000001c91bf73950_1_0 .concat [ 4 4 4 4], LS_000001c91bf73950_0_0, LS_000001c91bf73950_0_4, LS_000001c91bf73950_0_8, LS_000001c91bf73950_0_12;
LS_000001c91bf73950_1_4 .concat [ 4 0 0 0], LS_000001c91bf73950_0_16;
L_000001c91bf73950 .concat [ 16 4 0 0], LS_000001c91bf73950_1_0, LS_000001c91bf73950_1_4;
L_000001c91bf73130 .part L_000001c91bf73810, 20, 12;
L_000001c91bf73c70 .concat [ 12 20 0 0], L_000001c91bf73130, L_000001c91bf73950;
L_000001c91bf72910 .functor MUXZ 32, L_000001c91bf73c70, L_000001c91bf734f0, L_000001c91bf756d0, C4<>;
    .scope S_000001c91be6faa0;
T_0 ;
    %wait E_000001c91be9e700;
    %load/vec4 v000001c91bf0a270_0;
    %inv;
    %flag_set/vec4 8;
    %jmp/0xz  T_0.0, 8;
    %pushi/vec4 0, 0, 32;
    %assign/vec4 v000001c91bf0a810_0, 0;
    %jmp T_0.1;
T_0.0 ;
    %load/vec4 v000001c91bf0b850_0;
    %assign/vec4 v000001c91bf0a810_0, 0;
T_0.1 ;
    %jmp T_0;
    .thread T_0;
    .scope S_000001c91be685f0;
T_1 ;
    %vpi_call 9 12 "$readmemh", "memfile.hex", v000001c91bf0bad0, 32'sb00000000000000000000000000000000, 32'sb00000000000000000000001111111111 {0 0 0};
    %end;
    .thread T_1;
    .scope S_000001c91be6cf40;
T_2 ;
    %wait E_000001c91be9e700;
    %load/vec4 v000001c91bf0c1e0_0;
    %flag_set/vec4 8;
    %jmp/0xz  T_2.0, 8;
    %load/vec4 v000001c91bf0cd20_0;
    %load/vec4 v000001c91bf0a310_0;
    %pad/u 7;
    %ix/vec4 3;
    %ix/load 4, 0, 0; Constant delay
    %assign/vec4/a/d v000001c91bf0aa90, 0, 4;
T_2.0 ;
    %jmp T_2;
    .thread T_2;
    .scope S_000001c91be6cf40;
T_3 ;
    %pushi/vec4 5, 0, 32;
    %ix/load 4, 5, 0;
    %flag_set/imm 4, 0;
    %store/vec4a v000001c91bf0aa90, 4, 0;
    %pushi/vec4 4, 0, 32;
    %ix/load 4, 6, 0;
    %flag_set/imm 4, 0;
    %store/vec4a v000001c91bf0aa90, 4, 0;
    %end;
    .thread T_3;
    .scope S_000001c91be68460;
T_4 ;
    %wait E_000001c91be9e700;
    %load/vec4 v000001c91bf0a770_0;
    %flag_set/vec4 8;
    %jmp/0xz  T_4.0, 8;
    %load/vec4 v000001c91bf0a450_0;
    %ix/getv 3, v000001c91bf0bcb0_0;
    %ix/load 4, 0, 0; Constant delay
    %assign/vec4/a/d v000001c91bf0b030, 0, 4;
T_4.0 ;
    %jmp T_4;
    .thread T_4;
    .scope S_000001c91be68460;
T_5 ;
    %pushi/vec4 32, 0, 32;
    %ix/load 4, 28, 0;
    %flag_set/imm 4, 0;
    %store/vec4a v000001c91bf0b030, 4, 0;
    %end;
    .thread T_5;
    .scope S_000001c91beb51a0;
T_6 ;
    %pushi/vec4 1, 0, 1;
    %store/vec4 v000001c91bf0c3c0_0, 0, 1;
    %end;
    .thread T_6;
    .scope S_000001c91beb51a0;
T_7 ;
    %vpi_call 2 13 "$dumpfile", "Single Cycle.vcd" {0 0 0};
    %vpi_call 2 14 "$dumpvars", 32'sb00000000000000000000000000000000 {0 0 0};
    %end;
    .thread T_7;
    .scope S_000001c91beb51a0;
T_8 ;
    %load/vec4 v000001c91bf0c3c0_0;
    %inv;
    %store/vec4 v000001c91bf0c3c0_0, 0, 1;
    %delay 50, 0;
    %jmp T_8;
    .thread T_8;
    .scope S_000001c91beb51a0;
T_9 ;
    %pushi/vec4 0, 0, 1;
    %assign/vec4 v000001c91bf0c460_0, 0;
    %delay 150, 0;
    %pushi/vec4 1, 0, 1;
    %assign/vec4 v000001c91bf0c460_0, 0;
    %delay 450, 0;
    %vpi_call 2 31 "$finish" {0 0 0};
    %end;
    .thread T_9;
# The file index is used to find the file name in the following table.
:file_names 15;
    "N/A";
    "<interactive>";
    "Single_Cycle_Top_Tb.v";
    "./Single_Cycle_Top.v";
    "./ALU.v";
    "./Control_Unit_Top.v";
    "./ALU_Decoder.v";
    "./Main_Decoder.v";
    "./Data_Memory.v";
    "./Instruction_Memory.v";
    "./Mux.v";
    "./PC.v";
    "./PC_Adder.v";
    "./Register_File.v";
    "./Sign_Extend.v";
